[0.835s] Invoking command in '/home/leo/Examples_For_TFG/ros2_ws/src/movement_pkg': PYTHONPATH=/home/leo/Examples_For_TFG/ros2_ws/build/movement_pkg/prefix_override:/home/leo/Examples_For_TFG/ros2_ws/install/movement_pkg/lib/python3.10/site-packages:${PYTHONPATH} /usr/bin/python3 setup.py egg_info --egg-base ../../build/movement_pkg build --build-base /home/leo/Examples_For_TFG/ros2_ws/build/movement_pkg/build install --record /home/leo/Examples_For_TFG/ros2_ws/build/movement_pkg/install.log --single-version-externally-managed
[1.119s] running egg_info
[1.120s] creating ../../build/movement_pkg/movement_pkg.egg-info
[1.120s] writing ../../build/movement_pkg/movement_pkg.egg-info/PKG-INFO
[1.120s] writing dependency_links to ../../build/movement_pkg/movement_pkg.egg-info/dependency_links.txt
[1.120s] writing entry points to ../../build/movement_pkg/movement_pkg.egg-info/entry_points.txt
[1.121s] writing requirements to ../../build/movement_pkg/movement_pkg.egg-info/requires.txt
[1.121s] writing top-level names to ../../build/movement_pkg/movement_pkg.egg-info/top_level.txt
[1.121s] writing manifest file '../../build/movement_pkg/movement_pkg.egg-info/SOURCES.txt'
[1.124s] reading manifest file '../../build/movement_pkg/movement_pkg.egg-info/SOURCES.txt'
[1.125s] writing manifest file '../../build/movement_pkg/movement_pkg.egg-info/SOURCES.txt'
[1.125s] running build
[1.125s] running build_py
[1.125s] creating /home/leo/Examples_For_TFG/ros2_ws/build/movement_pkg/build
[1.125s] creating /home/leo/Examples_For_TFG/ros2_ws/build/movement_pkg/build/lib
[1.125s] creating /home/leo/Examples_For_TFG/ros2_ws/build/movement_pkg/build/lib/movement_pkg
[1.126s] copying movement_pkg/__init__.py -> /home/leo/Examples_For_TFG/ros2_ws/build/movement_pkg/build/lib/movement_pkg
[1.126s] copying movement_pkg/movement_client.py -> /home/leo/Examples_For_TFG/ros2_ws/build/movement_pkg/build/lib/movement_pkg
[1.126s] copying movement_pkg/movement_server.py -> /home/leo/Examples_For_TFG/ros2_ws/build/movement_pkg/build/lib/movement_pkg
[1.126s] running install
[1.126s] /usr/lib/python3/dist-packages/setuptools/command/install.py:34: SetuptoolsDeprecationWarning: setup.py install is deprecated. Use build and pip and other standards-based tools.
[1.126s]   warnings.warn(
[1.127s] running install_lib
[1.128s] creating /home/leo/Examples_For_TFG/ros2_ws/install/movement_pkg/lib/python3.10/site-packages/movement_pkg
[1.129s] copying /home/leo/Examples_For_TFG/ros2_ws/build/movement_pkg/build/lib/movement_pkg/__init__.py -> /home/leo/Examples_For_TFG/ros2_ws/install/movement_pkg/lib/python3.10/site-packages/movement_pkg
[1.129s] copying /home/leo/Examples_For_TFG/ros2_ws/build/movement_pkg/build/lib/movement_pkg/movement_client.py -> /home/leo/Examples_For_TFG/ros2_ws/install/movement_pkg/lib/python3.10/site-packages/movement_pkg
[1.129s] copying /home/leo/Examples_For_TFG/ros2_ws/build/movement_pkg/build/lib/movement_pkg/movement_server.py -> /home/leo/Examples_For_TFG/ros2_ws/install/movement_pkg/lib/python3.10/site-packages/movement_pkg
[1.129s] byte-compiling /home/leo/Examples_For_TFG/ros2_ws/install/movement_pkg/lib/python3.10/site-packages/movement_pkg/__init__.py to __init__.cpython-310.pyc
[1.130s] byte-compiling /home/leo/Examples_For_TFG/ros2_ws/install/movement_pkg/lib/python3.10/site-packages/movement_pkg/movement_client.py to movement_client.cpython-310.pyc
[1.130s] byte-compiling /home/leo/Examples_For_TFG/ros2_ws/install/movement_pkg/lib/python3.10/site-packages/movement_pkg/movement_server.py to movement_server.cpython-310.pyc
[1.132s] running install_data
[1.133s] creating /home/leo/Examples_For_TFG/ros2_ws/install/movement_pkg/share/ament_index
[1.133s] creating /home/leo/Examples_For_TFG/ros2_ws/install/movement_pkg/share/ament_index/resource_index
[1.133s] creating /home/leo/Examples_For_TFG/ros2_ws/install/movement_pkg/share/ament_index/resource_index/packages
[1.133s] copying resource/movement_pkg -> /home/leo/Examples_For_TFG/ros2_ws/install/movement_pkg/share/ament_index/resource_index/packages
[1.133s] copying package.xml -> /home/leo/Examples_For_TFG/ros2_ws/install/movement_pkg/share/movement_pkg
[1.134s] copying launch/movement_server_launch_file.launch.py -> /home/leo/Examples_For_TFG/ros2_ws/install/movement_pkg/share/movement_pkg
[1.134s] running install_egg_info
[1.137s] Copying ../../build/movement_pkg/movement_pkg.egg-info to /home/leo/Examples_For_TFG/ros2_ws/install/movement_pkg/lib/python3.10/site-packages/movement_pkg-0.0.0-py3.10.egg-info
[1.138s] running install_scripts
[1.168s] Installing movement_client script to /home/leo/Examples_For_TFG/ros2_ws/install/movement_pkg/lib/movement_pkg
[1.168s] Installing movement_server script to /home/leo/Examples_For_TFG/ros2_ws/install/movement_pkg/lib/movement_pkg
[1.168s] writing list of installed files to '/home/leo/Examples_For_TFG/ros2_ws/build/movement_pkg/install.log'
[1.201s] Invoked command in '/home/leo/Examples_For_TFG/ros2_ws/src/movement_pkg' returned '0': PYTHONPATH=/home/leo/Examples_For_TFG/ros2_ws/build/movement_pkg/prefix_override:/home/leo/Examples_For_TFG/ros2_ws/install/movement_pkg/lib/python3.10/site-packages:${PYTHONPATH} /usr/bin/python3 setup.py egg_info --egg-base ../../build/movement_pkg build --build-base /home/leo/Examples_For_TFG/ros2_ws/build/movement_pkg/build install --record /home/leo/Examples_For_TFG/ros2_ws/build/movement_pkg/install.log --single-version-externally-managed
