[0.772s] Invoking command in '/home/leo/Examples_For_TFG/ros2_ws/src/examples_pkg': PYTHONPATH=/home/leo/Examples_For_TFG/build/examples_pkg/prefix_override:/home/leo/Examples_For_TFG/install/examples_pkg/lib/python3.10/site-packages:${PYTHONPATH} /usr/bin/python3 setup.py egg_info --egg-base ../../../build/examples_pkg build --build-base /home/leo/Examples_For_TFG/build/examples_pkg/build install --record /home/leo/Examples_For_TFG/build/examples_pkg/install.log --single-version-externally-managed
[0.978s] running egg_info
[0.980s] writing ../../../build/examples_pkg/examples_pkg.egg-info/PKG-INFO
[0.980s] writing dependency_links to ../../../build/examples_pkg/examples_pkg.egg-info/dependency_links.txt
[0.980s] writing entry points to ../../../build/examples_pkg/examples_pkg.egg-info/entry_points.txt
[0.981s] writing requirements to ../../../build/examples_pkg/examples_pkg.egg-info/requires.txt
[0.981s] writing top-level names to ../../../build/examples_pkg/examples_pkg.egg-info/top_level.txt
[0.982s] reading manifest file '../../../build/examples_pkg/examples_pkg.egg-info/SOURCES.txt'
[0.983s] writing manifest file '../../../build/examples_pkg/examples_pkg.egg-info/SOURCES.txt'
[0.983s] running build
[0.983s] running build_py
[0.983s] running install
[0.983s] /usr/lib/python3/dist-packages/setuptools/command/install.py:34: SetuptoolsDeprecationWarning: setup.py install is deprecated. Use build and pip and other standards-based tools.
[0.983s]   warnings.warn(
[0.983s] running install_lib
[0.984s] running install_data
[0.985s] running install_egg_info
[0.987s] removing '/home/leo/Examples_For_TFG/install/examples_pkg/lib/python3.10/site-packages/examples_pkg-0.0.0-py3.10.egg-info' (and everything under it)
[0.987s] Copying ../../../build/examples_pkg/examples_pkg.egg-info to /home/leo/Examples_For_TFG/install/examples_pkg/lib/python3.10/site-packages/examples_pkg-0.0.0-py3.10.egg-info
[0.987s] running install_scripts
[1.006s] writing list of installed files to '/home/leo/Examples_For_TFG/build/examples_pkg/install.log'
[1.034s] Invoked command in '/home/leo/Examples_For_TFG/ros2_ws/src/examples_pkg' returned '0': PYTHONPATH=/home/leo/Examples_For_TFG/build/examples_pkg/prefix_override:/home/leo/Examples_For_TFG/install/examples_pkg/lib/python3.10/site-packages:${PYTHONPATH} /usr/bin/python3 setup.py egg_info --egg-base ../../../build/examples_pkg build --build-base /home/leo/Examples_For_TFG/build/examples_pkg/build install --record /home/leo/Examples_For_TFG/build/examples_pkg/install.log --single-version-externally-managed
