[0.860s] Invoking command in '/home/leo/Examples_For_TFG/ros2_ws/src/movement_pkg': AMENT_PREFIX_PATH=/home/leo/Examples_For_TFG/install/custom_interfaces:${AMENT_PREFIX_PATH} CMAKE_PREFIX_PATH=/home/leo/Examples_For_TFG/install/custom_interfaces:${CMAKE_PREFIX_PATH} LD_LIBRARY_PATH=/home/leo/Examples_For_TFG/install/custom_interfaces/lib:${LD_LIBRARY_PATH} PYTHONPATH=/home/leo/Examples_For_TFG/build/movement_pkg/prefix_override:/home/leo/Examples_For_TFG/install/movement_pkg/lib/python3.10/site-packages:/home/leo/Examples_For_TFG/install/custom_interfaces/local/lib/python3.10/dist-packages:${PYTHONPATH} /usr/bin/python3 setup.py egg_info --egg-base ../../../build/movement_pkg build --build-base /home/leo/Examples_For_TFG/build/movement_pkg/build install --record /home/leo/Examples_For_TFG/build/movement_pkg/install.log --single-version-externally-managed
[1.170s] running egg_info
[1.171s] writing ../../../build/movement_pkg/movement_pkg.egg-info/PKG-INFO
[1.171s] writing dependency_links to ../../../build/movement_pkg/movement_pkg.egg-info/dependency_links.txt
[1.171s] writing entry points to ../../../build/movement_pkg/movement_pkg.egg-info/entry_points.txt
[1.171s] writing requirements to ../../../build/movement_pkg/movement_pkg.egg-info/requires.txt
[1.171s] writing top-level names to ../../../build/movement_pkg/movement_pkg.egg-info/top_level.txt
[1.174s] reading manifest file '../../../build/movement_pkg/movement_pkg.egg-info/SOURCES.txt'
[1.175s] writing manifest file '../../../build/movement_pkg/movement_pkg.egg-info/SOURCES.txt'
[1.175s] running build
[1.175s] running build_py
[1.175s] copying movement_pkg/__init__.py -> /home/leo/Examples_For_TFG/build/movement_pkg/build/lib/movement_pkg
[1.175s] copying movement_pkg/movement_client.py -> /home/leo/Examples_For_TFG/build/movement_pkg/build/lib/movement_pkg
[1.176s] copying movement_pkg/movement_server.py -> /home/leo/Examples_For_TFG/build/movement_pkg/build/lib/movement_pkg
[1.176s] running install
[1.176s] /usr/lib/python3/dist-packages/setuptools/command/install.py:34: SetuptoolsDeprecationWarning: setup.py install is deprecated. Use build and pip and other standards-based tools.
[1.176s]   warnings.warn(
[1.177s] running install_lib
[1.178s] copying /home/leo/Examples_For_TFG/build/movement_pkg/build/lib/movement_pkg/__init__.py -> /home/leo/Examples_For_TFG/install/movement_pkg/lib/python3.10/site-packages/movement_pkg
[1.178s] copying /home/leo/Examples_For_TFG/build/movement_pkg/build/lib/movement_pkg/movement_client.py -> /home/leo/Examples_For_TFG/install/movement_pkg/lib/python3.10/site-packages/movement_pkg
[1.178s] copying /home/leo/Examples_For_TFG/build/movement_pkg/build/lib/movement_pkg/movement_server.py -> /home/leo/Examples_For_TFG/install/movement_pkg/lib/python3.10/site-packages/movement_pkg
[1.179s] byte-compiling /home/leo/Examples_For_TFG/install/movement_pkg/lib/python3.10/site-packages/movement_pkg/__init__.py to __init__.cpython-310.pyc
[1.179s] byte-compiling /home/leo/Examples_For_TFG/install/movement_pkg/lib/python3.10/site-packages/movement_pkg/movement_client.py to movement_client.cpython-310.pyc
[1.179s] byte-compiling /home/leo/Examples_For_TFG/install/movement_pkg/lib/python3.10/site-packages/movement_pkg/movement_server.py to movement_server.cpython-310.pyc
[1.179s] running install_data
[1.180s] copying resource/movement_pkg -> /home/leo/Examples_For_TFG/install/movement_pkg/share/ament_index/resource_index/packages
[1.180s] copying package.xml -> /home/leo/Examples_For_TFG/install/movement_pkg/share/movement_pkg
[1.180s] running install_egg_info
[1.184s] removing '/home/leo/Examples_For_TFG/install/movement_pkg/lib/python3.10/site-packages/movement_pkg-0.0.0-py3.10.egg-info' (and everything under it)
[1.184s] Copying ../../../build/movement_pkg/movement_pkg.egg-info to /home/leo/Examples_For_TFG/install/movement_pkg/lib/python3.10/site-packages/movement_pkg-0.0.0-py3.10.egg-info
[1.185s] running install_scripts
[1.212s] Installing movement_client script to /home/leo/Examples_For_TFG/install/movement_pkg/lib/movement_pkg
[1.212s] Installing movement_server script to /home/leo/Examples_For_TFG/install/movement_pkg/lib/movement_pkg
[1.212s] writing list of installed files to '/home/leo/Examples_For_TFG/build/movement_pkg/install.log'
[1.250s] Invoked command in '/home/leo/Examples_For_TFG/ros2_ws/src/movement_pkg' returned '0': AMENT_PREFIX_PATH=/home/leo/Examples_For_TFG/install/custom_interfaces:${AMENT_PREFIX_PATH} CMAKE_PREFIX_PATH=/home/leo/Examples_For_TFG/install/custom_interfaces:${CMAKE_PREFIX_PATH} LD_LIBRARY_PATH=/home/leo/Examples_For_TFG/install/custom_interfaces/lib:${LD_LIBRARY_PATH} PYTHONPATH=/home/leo/Examples_For_TFG/build/movement_pkg/prefix_override:/home/leo/Examples_For_TFG/install/movement_pkg/lib/python3.10/site-packages:/home/leo/Examples_For_TFG/install/custom_interfaces/local/lib/python3.10/dist-packages:${PYTHONPATH} /usr/bin/python3 setup.py egg_info --egg-base ../../../build/movement_pkg build --build-base /home/leo/Examples_For_TFG/build/movement_pkg/build install --record /home/leo/Examples_For_TFG/build/movement_pkg/install.log --single-version-externally-managed
