[0.029s] Invoking command in '/home/leo/Examples_For_TFG/build/custom_interfaces': CMAKE_PREFIX_PATH=${CMAKE_PREFIX_PATH}:/home/leo/Examples_For_TFG/ros2_ws/install/movement_pkg:/home/leo/Examples_For_TFG/ros2_ws/install/examples_pkg:/home/leo/ros2_ws/install/examples_pkg:/opt/ros/humble /usr/bin/cmake --build /home/leo/Examples_For_TFG/build/custom_interfaces -- -j8 -l8
[0.086s] [  9%] Built target custom_interfaces__rosidl_generator_c
[0.092s] [ 12%] Built target custom_interfaces__cpp
[0.102s] [ 12%] Built target ament_cmake_python_copy_custom_interfaces
[0.120s] [ 22%] Built target custom_interfaces__rosidl_typesupport_introspection_c
[0.124s] [ 32%] Built target custom_interfaces__rosidl_typesupport_c
[0.129s] [ 41%] Built target custom_interfaces__rosidl_typesupport_fastrtps_c
[0.138s] [ 51%] Built target custom_interfaces__rosidl_typesupport_fastrtps_cpp
[0.138s] [ 61%] Built target custom_interfaces__rosidl_typesupport_introspection_cpp
[0.141s] [ 70%] Built target custom_interfaces__rosidl_typesupport_cpp
[0.164s] [ 70%] Built target custom_interfaces
[0.187s] [ 74%] Built target custom_interfaces__py
[0.211s] [ 80%] Built target custom_interfaces__rosidl_generator_py
[0.240s] [ 87%] Built target custom_interfaces__rosidl_typesupport_fastrtps_c__pyext
[0.241s] [ 93%] Built target custom_interfaces__rosidl_typesupport_introspection_c__pyext
[0.243s] [100%] Built target custom_interfaces__rosidl_typesupport_c__pyext
[0.421s] running egg_info
[0.422s] writing custom_interfaces.egg-info/PKG-INFO
[0.423s] writing dependency_links to custom_interfaces.egg-info/dependency_links.txt
[0.423s] writing top-level names to custom_interfaces.egg-info/top_level.txt
[0.427s] reading manifest file 'custom_interfaces.egg-info/SOURCES.txt'
[0.428s] writing manifest file 'custom_interfaces.egg-info/SOURCES.txt'
[0.462s] [100%] Built target ament_cmake_python_build_custom_interfaces_egg
[0.473s] Invoked command in '/home/leo/Examples_For_TFG/build/custom_interfaces' returned '0': CMAKE_PREFIX_PATH=${CMAKE_PREFIX_PATH}:/home/leo/Examples_For_TFG/ros2_ws/install/movement_pkg:/home/leo/Examples_For_TFG/ros2_ws/install/examples_pkg:/home/leo/ros2_ws/install/examples_pkg:/opt/ros/humble /usr/bin/cmake --build /home/leo/Examples_For_TFG/build/custom_interfaces -- -j8 -l8
[0.541s] Invoking command in '/home/leo/Examples_For_TFG/build/custom_interfaces': CMAKE_PREFIX_PATH=${CMAKE_PREFIX_PATH}:/home/leo/Examples_For_TFG/ros2_ws/install/movement_pkg:/home/leo/Examples_For_TFG/ros2_ws/install/examples_pkg:/home/leo/ros2_ws/install/examples_pkg:/opt/ros/humble /usr/bin/cmake --install /home/leo/Examples_For_TFG/build/custom_interfaces
[0.550s] -- Install configuration: ""
[0.550s] -- Up-to-date: /home/leo/Examples_For_TFG/install/custom_interfaces/share/ament_index/resource_index/rosidl_interfaces/custom_interfaces
[0.550s] -- Up-to-date: /home/leo/Examples_For_TFG/install/custom_interfaces/include/custom_interfaces/custom_interfaces
[0.550s] -- Up-to-date: /home/leo/Examples_For_TFG/install/custom_interfaces/include/custom_interfaces/custom_interfaces/srv
[0.550s] -- Up-to-date: /home/leo/Examples_For_TFG/install/custom_interfaces/include/custom_interfaces/custom_interfaces/srv/my_custom_service_message.h
[0.550s] -- Up-to-date: /home/leo/Examples_For_TFG/install/custom_interfaces/include/custom_interfaces/custom_interfaces/srv/detail
[0.551s] -- Up-to-date: /home/leo/Examples_For_TFG/install/custom_interfaces/include/custom_interfaces/custom_interfaces/srv/detail/my_custom_service_message__type_support.h
[0.551s] -- Up-to-date: /home/leo/Examples_For_TFG/install/custom_interfaces/include/custom_interfaces/custom_interfaces/srv/detail/my_custom_service_message__functions.h
[0.551s] -- Up-to-date: /home/leo/Examples_For_TFG/install/custom_interfaces/include/custom_interfaces/custom_interfaces/srv/detail/my_custom_service_message__functions.c
[0.551s] -- Up-to-date: /home/leo/Examples_For_TFG/install/custom_interfaces/include/custom_interfaces/custom_interfaces/srv/detail/my_custom_service_message__struct.h
[0.551s] -- Up-to-date: /home/leo/Examples_For_TFG/install/custom_interfaces/include/custom_interfaces/custom_interfaces/msg
[0.551s] -- Up-to-date: /home/leo/Examples_For_TFG/install/custom_interfaces/include/custom_interfaces/custom_interfaces/msg/rosidl_generator_c__visibility_control.h
[0.551s] -- Up-to-date: /home/leo/Examples_For_TFG/install/custom_interfaces/share/custom_interfaces/environment/library_path.sh
[0.551s] -- Up-to-date: /home/leo/Examples_For_TFG/install/custom_interfaces/share/custom_interfaces/environment/library_path.dsv
[0.551s] -- Up-to-date: /home/leo/Examples_For_TFG/install/custom_interfaces/lib/libcustom_interfaces__rosidl_generator_c.so
[0.551s] -- Up-to-date: /home/leo/Examples_For_TFG/install/custom_interfaces/include/custom_interfaces/custom_interfaces
[0.552s] -- Up-to-date: /home/leo/Examples_For_TFG/install/custom_interfaces/include/custom_interfaces/custom_interfaces/srv
[0.552s] -- Up-to-date: /home/leo/Examples_For_TFG/install/custom_interfaces/include/custom_interfaces/custom_interfaces/srv/detail
[0.552s] -- Up-to-date: /home/leo/Examples_For_TFG/install/custom_interfaces/include/custom_interfaces/custom_interfaces/srv/detail/my_custom_service_message__rosidl_typesupport_fastrtps_c.h
[0.552s] -- Up-to-date: /home/leo/Examples_For_TFG/install/custom_interfaces/include/custom_interfaces/custom_interfaces/msg
[0.552s] -- Up-to-date: /home/leo/Examples_For_TFG/install/custom_interfaces/include/custom_interfaces/custom_interfaces/msg/rosidl_typesupport_fastrtps_c__visibility_control.h
[0.552s] -- Up-to-date: /home/leo/Examples_For_TFG/install/custom_interfaces/lib/libcustom_interfaces__rosidl_typesupport_fastrtps_c.so
[0.552s] -- Up-to-date: /home/leo/Examples_For_TFG/install/custom_interfaces/include/custom_interfaces/custom_interfaces
[0.552s] -- Up-to-date: /home/leo/Examples_For_TFG/install/custom_interfaces/include/custom_interfaces/custom_interfaces/srv
[0.552s] -- Up-to-date: /home/leo/Examples_For_TFG/install/custom_interfaces/include/custom_interfaces/custom_interfaces/srv/detail
[0.552s] -- Up-to-date: /home/leo/Examples_For_TFG/install/custom_interfaces/include/custom_interfaces/custom_interfaces/srv/detail/my_custom_service_message__traits.hpp
[0.552s] -- Up-to-date: /home/leo/Examples_For_TFG/install/custom_interfaces/include/custom_interfaces/custom_interfaces/srv/detail/my_custom_service_message__struct.hpp
[0.552s] -- Up-to-date: /home/leo/Examples_For_TFG/install/custom_interfaces/include/custom_interfaces/custom_interfaces/srv/detail/my_custom_service_message__builder.hpp
[0.553s] -- Up-to-date: /home/leo/Examples_For_TFG/install/custom_interfaces/include/custom_interfaces/custom_interfaces/srv/my_custom_service_message.hpp
[0.553s] -- Up-to-date: /home/leo/Examples_For_TFG/install/custom_interfaces/include/custom_interfaces/custom_interfaces
[0.553s] -- Up-to-date: /home/leo/Examples_For_TFG/install/custom_interfaces/include/custom_interfaces/custom_interfaces/srv
[0.553s] -- Up-to-date: /home/leo/Examples_For_TFG/install/custom_interfaces/include/custom_interfaces/custom_interfaces/srv/detail
[0.553s] -- Up-to-date: /home/leo/Examples_For_TFG/install/custom_interfaces/include/custom_interfaces/custom_interfaces/srv/detail/my_custom_service_message__rosidl_typesupport_fastrtps_cpp.hpp
[0.553s] -- Up-to-date: /home/leo/Examples_For_TFG/install/custom_interfaces/include/custom_interfaces/custom_interfaces/srv/detail/dds_fastrtps
[0.553s] -- Up-to-date: /home/leo/Examples_For_TFG/install/custom_interfaces/include/custom_interfaces/custom_interfaces/msg
[0.553s] -- Up-to-date: /home/leo/Examples_For_TFG/install/custom_interfaces/include/custom_interfaces/custom_interfaces/msg/rosidl_typesupport_fastrtps_cpp__visibility_control.h
[0.553s] -- Up-to-date: /home/leo/Examples_For_TFG/install/custom_interfaces/lib/libcustom_interfaces__rosidl_typesupport_fastrtps_cpp.so
[0.553s] -- Up-to-date: /home/leo/Examples_For_TFG/install/custom_interfaces/include/custom_interfaces/custom_interfaces
[0.553s] -- Up-to-date: /home/leo/Examples_For_TFG/install/custom_interfaces/include/custom_interfaces/custom_interfaces/srv
[0.553s] -- Up-to-date: /home/leo/Examples_For_TFG/install/custom_interfaces/include/custom_interfaces/custom_interfaces/srv/detail
[0.553s] -- Up-to-date: /home/leo/Examples_For_TFG/install/custom_interfaces/include/custom_interfaces/custom_interfaces/srv/detail/my_custom_service_message__type_support.c
[0.553s] -- Up-to-date: /home/leo/Examples_For_TFG/install/custom_interfaces/include/custom_interfaces/custom_interfaces/srv/detail/my_custom_service_message__rosidl_typesupport_introspection_c.h
[0.554s] -- Up-to-date: /home/leo/Examples_For_TFG/install/custom_interfaces/include/custom_interfaces/custom_interfaces/msg
[0.554s] -- Up-to-date: /home/leo/Examples_For_TFG/install/custom_interfaces/include/custom_interfaces/custom_interfaces/msg/rosidl_typesupport_introspection_c__visibility_control.h
[0.554s] -- Up-to-date: /home/leo/Examples_For_TFG/install/custom_interfaces/lib/libcustom_interfaces__rosidl_typesupport_introspection_c.so
[0.554s] -- Up-to-date: /home/leo/Examples_For_TFG/install/custom_interfaces/lib/libcustom_interfaces__rosidl_typesupport_c.so
[0.554s] -- Up-to-date: /home/leo/Examples_For_TFG/install/custom_interfaces/include/custom_interfaces/custom_interfaces
[0.554s] -- Up-to-date: /home/leo/Examples_For_TFG/install/custom_interfaces/include/custom_interfaces/custom_interfaces/srv
[0.554s] -- Up-to-date: /home/leo/Examples_For_TFG/install/custom_interfaces/include/custom_interfaces/custom_interfaces/srv/detail
[0.554s] -- Up-to-date: /home/leo/Examples_For_TFG/install/custom_interfaces/include/custom_interfaces/custom_interfaces/srv/detail/my_custom_service_message__type_support.cpp
[0.554s] -- Up-to-date: /home/leo/Examples_For_TFG/install/custom_interfaces/include/custom_interfaces/custom_interfaces/srv/detail/my_custom_service_message__rosidl_typesupport_introspection_cpp.hpp
[0.554s] -- Up-to-date: /home/leo/Examples_For_TFG/install/custom_interfaces/lib/libcustom_interfaces__rosidl_typesupport_introspection_cpp.so
[0.554s] -- Up-to-date: /home/leo/Examples_For_TFG/install/custom_interfaces/lib/libcustom_interfaces__rosidl_typesupport_cpp.so
[0.554s] -- Up-to-date: /home/leo/Examples_For_TFG/install/custom_interfaces/share/custom_interfaces/environment/pythonpath.sh
[0.554s] -- Up-to-date: /home/leo/Examples_For_TFG/install/custom_interfaces/share/custom_interfaces/environment/pythonpath.dsv
[0.554s] -- Up-to-date: /home/leo/Examples_For_TFG/install/custom_interfaces/local/lib/python3.10/dist-packages/custom_interfaces-0.0.0-py3.10.egg-info
[0.555s] -- Installing: /home/leo/Examples_For_TFG/install/custom_interfaces/local/lib/python3.10/dist-packages/custom_interfaces-0.0.0-py3.10.egg-info/SOURCES.txt
[0.555s] -- Installing: /home/leo/Examples_For_TFG/install/custom_interfaces/local/lib/python3.10/dist-packages/custom_interfaces-0.0.0-py3.10.egg-info/top_level.txt
[0.555s] -- Installing: /home/leo/Examples_For_TFG/install/custom_interfaces/local/lib/python3.10/dist-packages/custom_interfaces-0.0.0-py3.10.egg-info/dependency_links.txt
[0.555s] -- Installing: /home/leo/Examples_For_TFG/install/custom_interfaces/local/lib/python3.10/dist-packages/custom_interfaces-0.0.0-py3.10.egg-info/PKG-INFO
[0.555s] -- Up-to-date: /home/leo/Examples_For_TFG/install/custom_interfaces/local/lib/python3.10/dist-packages/custom_interfaces
[0.555s] -- Up-to-date: /home/leo/Examples_For_TFG/install/custom_interfaces/local/lib/python3.10/dist-packages/custom_interfaces/custom_interfaces_s__rosidl_typesupport_fastrtps_c.cpython-310-x86_64-linux-gnu.so
[0.555s] -- Up-to-date: /home/leo/Examples_For_TFG/install/custom_interfaces/local/lib/python3.10/dist-packages/custom_interfaces/srv
[0.555s] -- Up-to-date: /home/leo/Examples_For_TFG/install/custom_interfaces/local/lib/python3.10/dist-packages/custom_interfaces/srv/_my_custom_service_message.py
[0.555s] -- Up-to-date: /home/leo/Examples_For_TFG/install/custom_interfaces/local/lib/python3.10/dist-packages/custom_interfaces/srv/_my_custom_service_message_s.c
[0.555s] -- Up-to-date: /home/leo/Examples_For_TFG/install/custom_interfaces/local/lib/python3.10/dist-packages/custom_interfaces/srv/__init__.py
[0.555s] -- Up-to-date: /home/leo/Examples_For_TFG/install/custom_interfaces/local/lib/python3.10/dist-packages/custom_interfaces/_custom_interfaces_s.ep.rosidl_typesupport_fastrtps_c.c
[0.555s] -- Up-to-date: /home/leo/Examples_For_TFG/install/custom_interfaces/local/lib/python3.10/dist-packages/custom_interfaces/_custom_interfaces_s.ep.rosidl_typesupport_introspection_c.c
[0.555s] -- Up-to-date: /home/leo/Examples_For_TFG/install/custom_interfaces/local/lib/python3.10/dist-packages/custom_interfaces/custom_interfaces_s__rosidl_typesupport_introspection_c.cpython-310-x86_64-linux-gnu.so
[0.555s] -- Up-to-date: /home/leo/Examples_For_TFG/install/custom_interfaces/local/lib/python3.10/dist-packages/custom_interfaces/custom_interfaces_s__rosidl_typesupport_c.cpython-310-x86_64-linux-gnu.so
[0.555s] -- Up-to-date: /home/leo/Examples_For_TFG/install/custom_interfaces/local/lib/python3.10/dist-packages/custom_interfaces/libcustom_interfaces__rosidl_generator_py.so
[0.555s] -- Up-to-date: /home/leo/Examples_For_TFG/install/custom_interfaces/local/lib/python3.10/dist-packages/custom_interfaces/__init__.py
[0.556s] -- Up-to-date: /home/leo/Examples_For_TFG/install/custom_interfaces/local/lib/python3.10/dist-packages/custom_interfaces/_custom_interfaces_s.ep.rosidl_typesupport_c.c
[0.594s] Listing '/home/leo/Examples_For_TFG/install/custom_interfaces/local/lib/python3.10/dist-packages/custom_interfaces'...
[0.595s] Listing '/home/leo/Examples_For_TFG/install/custom_interfaces/local/lib/python3.10/dist-packages/custom_interfaces/srv'...
[0.600s] -- Up-to-date: /home/leo/Examples_For_TFG/install/custom_interfaces/local/lib/python3.10/dist-packages/custom_interfaces/custom_interfaces_s__rosidl_typesupport_fastrtps_c.cpython-310-x86_64-linux-gnu.so
[0.600s] -- Up-to-date: /home/leo/Examples_For_TFG/install/custom_interfaces/local/lib/python3.10/dist-packages/custom_interfaces/custom_interfaces_s__rosidl_typesupport_introspection_c.cpython-310-x86_64-linux-gnu.so
[0.600s] -- Up-to-date: /home/leo/Examples_For_TFG/install/custom_interfaces/local/lib/python3.10/dist-packages/custom_interfaces/custom_interfaces_s__rosidl_typesupport_c.cpython-310-x86_64-linux-gnu.so
[0.601s] -- Up-to-date: /home/leo/Examples_For_TFG/install/custom_interfaces/lib/libcustom_interfaces__rosidl_generator_py.so
[0.601s] -- Up-to-date: /home/leo/Examples_For_TFG/install/custom_interfaces/share/custom_interfaces/srv/MyCustomServiceMessage.idl
[0.601s] -- Up-to-date: /home/leo/Examples_For_TFG/install/custom_interfaces/share/custom_interfaces/srv/MyCustomServiceMessage.srv
[0.601s] -- Up-to-date: /home/leo/Examples_For_TFG/install/custom_interfaces/share/custom_interfaces/srv/MyCustomServiceMessage_Request.msg
[0.601s] -- Up-to-date: /home/leo/Examples_For_TFG/install/custom_interfaces/share/custom_interfaces/srv/MyCustomServiceMessage_Response.msg
[0.601s] -- Up-to-date: /home/leo/Examples_For_TFG/install/custom_interfaces/share/ament_index/resource_index/package_run_dependencies/custom_interfaces
[0.601s] -- Up-to-date: /home/leo/Examples_For_TFG/install/custom_interfaces/share/ament_index/resource_index/parent_prefix_path/custom_interfaces
[0.601s] -- Up-to-date: /home/leo/Examples_For_TFG/install/custom_interfaces/share/custom_interfaces/environment/ament_prefix_path.sh
[0.602s] -- Up-to-date: /home/leo/Examples_For_TFG/install/custom_interfaces/share/custom_interfaces/environment/ament_prefix_path.dsv
[0.602s] -- Up-to-date: /home/leo/Examples_For_TFG/install/custom_interfaces/share/custom_interfaces/environment/path.sh
[0.602s] -- Up-to-date: /home/leo/Examples_For_TFG/install/custom_interfaces/share/custom_interfaces/environment/path.dsv
[0.602s] -- Up-to-date: /home/leo/Examples_For_TFG/install/custom_interfaces/share/custom_interfaces/local_setup.bash
[0.602s] -- Up-to-date: /home/leo/Examples_For_TFG/install/custom_interfaces/share/custom_interfaces/local_setup.sh
[0.602s] -- Up-to-date: /home/leo/Examples_For_TFG/install/custom_interfaces/share/custom_interfaces/local_setup.zsh
[0.602s] -- Up-to-date: /home/leo/Examples_For_TFG/install/custom_interfaces/share/custom_interfaces/local_setup.dsv
[0.602s] -- Installing: /home/leo/Examples_For_TFG/install/custom_interfaces/share/custom_interfaces/package.dsv
[0.602s] -- Up-to-date: /home/leo/Examples_For_TFG/install/custom_interfaces/share/ament_index/resource_index/packages/custom_interfaces
[0.603s] -- Up-to-date: /home/leo/Examples_For_TFG/install/custom_interfaces/share/custom_interfaces/cmake/export_custom_interfaces__rosidl_generator_cExport.cmake
[0.603s] -- Up-to-date: /home/leo/Examples_For_TFG/install/custom_interfaces/share/custom_interfaces/cmake/export_custom_interfaces__rosidl_generator_cExport-noconfig.cmake
[0.603s] -- Up-to-date: /home/leo/Examples_For_TFG/install/custom_interfaces/share/custom_interfaces/cmake/export_custom_interfaces__rosidl_typesupport_fastrtps_cExport.cmake
[0.603s] -- Up-to-date: /home/leo/Examples_For_TFG/install/custom_interfaces/share/custom_interfaces/cmake/export_custom_interfaces__rosidl_typesupport_fastrtps_cExport-noconfig.cmake
[0.603s] -- Up-to-date: /home/leo/Examples_For_TFG/install/custom_interfaces/share/custom_interfaces/cmake/export_custom_interfaces__rosidl_generator_cppExport.cmake
[0.603s] -- Up-to-date: /home/leo/Examples_For_TFG/install/custom_interfaces/share/custom_interfaces/cmake/export_custom_interfaces__rosidl_typesupport_fastrtps_cppExport.cmake
[0.603s] -- Up-to-date: /home/leo/Examples_For_TFG/install/custom_interfaces/share/custom_interfaces/cmake/export_custom_interfaces__rosidl_typesupport_fastrtps_cppExport-noconfig.cmake
[0.603s] -- Up-to-date: /home/leo/Examples_For_TFG/install/custom_interfaces/share/custom_interfaces/cmake/custom_interfaces__rosidl_typesupport_introspection_cExport.cmake
[0.603s] -- Up-to-date: /home/leo/Examples_For_TFG/install/custom_interfaces/share/custom_interfaces/cmake/custom_interfaces__rosidl_typesupport_introspection_cExport-noconfig.cmake
[0.603s] -- Up-to-date: /home/leo/Examples_For_TFG/install/custom_interfaces/share/custom_interfaces/cmake/custom_interfaces__rosidl_typesupport_cExport.cmake
[0.603s] -- Up-to-date: /home/leo/Examples_For_TFG/install/custom_interfaces/share/custom_interfaces/cmake/custom_interfaces__rosidl_typesupport_cExport-noconfig.cmake
[0.603s] -- Up-to-date: /home/leo/Examples_For_TFG/install/custom_interfaces/share/custom_interfaces/cmake/custom_interfaces__rosidl_typesupport_introspection_cppExport.cmake
[0.603s] -- Up-to-date: /home/leo/Examples_For_TFG/install/custom_interfaces/share/custom_interfaces/cmake/custom_interfaces__rosidl_typesupport_introspection_cppExport-noconfig.cmake
[0.603s] -- Up-to-date: /home/leo/Examples_For_TFG/install/custom_interfaces/share/custom_interfaces/cmake/custom_interfaces__rosidl_typesupport_cppExport.cmake
[0.604s] -- Up-to-date: /home/leo/Examples_For_TFG/install/custom_interfaces/share/custom_interfaces/cmake/custom_interfaces__rosidl_typesupport_cppExport-noconfig.cmake
[0.604s] -- Up-to-date: /home/leo/Examples_For_TFG/install/custom_interfaces/share/custom_interfaces/cmake/export_custom_interfaces__rosidl_generator_pyExport.cmake
[0.604s] -- Up-to-date: /home/leo/Examples_For_TFG/install/custom_interfaces/share/custom_interfaces/cmake/export_custom_interfaces__rosidl_generator_pyExport-noconfig.cmake
[0.604s] -- Up-to-date: /home/leo/Examples_For_TFG/install/custom_interfaces/share/custom_interfaces/cmake/rosidl_cmake-extras.cmake
[0.604s] -- Up-to-date: /home/leo/Examples_For_TFG/install/custom_interfaces/share/custom_interfaces/cmake/ament_cmake_export_include_directories-extras.cmake
[0.604s] -- Up-to-date: /home/leo/Examples_For_TFG/install/custom_interfaces/share/custom_interfaces/cmake/ament_cmake_export_libraries-extras.cmake
[0.604s] -- Up-to-date: /home/leo/Examples_For_TFG/install/custom_interfaces/share/custom_interfaces/cmake/ament_cmake_export_targets-extras.cmake
[0.604s] -- Up-to-date: /home/leo/Examples_For_TFG/install/custom_interfaces/share/custom_interfaces/cmake/rosidl_cmake_export_typesupport_targets-extras.cmake
[0.604s] -- Up-to-date: /home/leo/Examples_For_TFG/install/custom_interfaces/share/custom_interfaces/cmake/ament_cmake_export_dependencies-extras.cmake
[0.604s] -- Up-to-date: /home/leo/Examples_For_TFG/install/custom_interfaces/share/custom_interfaces/cmake/rosidl_cmake_export_typesupport_libraries-extras.cmake
[0.604s] -- Up-to-date: /home/leo/Examples_For_TFG/install/custom_interfaces/share/custom_interfaces/cmake/custom_interfacesConfig.cmake
[0.604s] -- Up-to-date: /home/leo/Examples_For_TFG/install/custom_interfaces/share/custom_interfaces/cmake/custom_interfacesConfig-version.cmake
[0.604s] -- Up-to-date: /home/leo/Examples_For_TFG/install/custom_interfaces/share/custom_interfaces/package.xml
[0.605s] Invoked command in '/home/leo/Examples_For_TFG/build/custom_interfaces' returned '0': CMAKE_PREFIX_PATH=${CMAKE_PREFIX_PATH}:/home/leo/Examples_For_TFG/ros2_ws/install/movement_pkg:/home/leo/Examples_For_TFG/ros2_ws/install/examples_pkg:/home/leo/ros2_ws/install/examples_pkg:/opt/ros/humble /usr/bin/cmake --install /home/leo/Examples_For_TFG/build/custom_interfaces
