running egg_info
writing ../../../build/movement_pkg/movement_pkg.egg-info/PKG-INFO
writing dependency_links to ../../../build/movement_pkg/movement_pkg.egg-info/dependency_links.txt
writing entry points to ../../../build/movement_pkg/movement_pkg.egg-info/entry_points.txt
writing requirements to ../../../build/movement_pkg/movement_pkg.egg-info/requires.txt
writing top-level names to ../../../build/movement_pkg/movement_pkg.egg-info/top_level.txt
reading manifest file '../../../build/movement_pkg/movement_pkg.egg-info/SOURCES.txt'
writing manifest file '../../../build/movement_pkg/movement_pkg.egg-info/SOURCES.txt'
running build
running build_py
running install
/usr/lib/python3/dist-packages/setuptools/command/install.py:34: SetuptoolsDeprecationWarning: setup.py install is deprecated. Use build and pip and other standards-based tools.
  warnings.warn(
running install_lib
running install_data
running install_egg_info
removing '/home/leo/Examples_For_TFG/install/movement_pkg/lib/python3.10/site-packages/movement_pkg-0.0.0-py3.10.egg-info' (and everything under it)
Copying ../../../build/movement_pkg/movement_pkg.egg-info to /home/leo/Examples_For_TFG/install/movement_pkg/lib/python3.10/site-packages/movement_pkg-0.0.0-py3.10.egg-info
running install_scripts
writing list of installed files to '/home/leo/Examples_For_TFG/build/movement_pkg/install.log'
