[0.456s] DEBUG:colcon:Command line arguments: ['/usr/bin/colcon', 'build']
[0.456s] DEBUG:colcon:Parsed command line arguments: Namespace(log_base=None, log_level=None, verb_name='build', build_base='build', install_base='install', merge_install=False, symlink_install=False, test_result_base=None, continue_on_error=False, executor='parallel', parallel_workers=8, event_handlers=None, ignore_user_meta=False, metas=['./colcon.meta'], base_paths=['.'], packages_ignore=None, packages_ignore_regex=None, paths=None, packages_up_to=None, packages_up_to_regex=None, packages_above=None, packages_above_and_dependencies=None, packages_above_depth=None, packages_select_by_dep=None, packages_skip_by_dep=None, packages_skip_up_to=None, packages_select_build_failed=False, packages_skip_build_finished=False, packages_select_test_failures=False, packages_skip_test_passed=False, packages_select=None, packages_skip=None, packages_select_regex=None, packages_skip_regex=None, packages_start=None, packages_end=None, allow_overriding=[], cmake_args=None, cmake_target=None, cmake_target_skip_unavailable=False, cmake_clean_cache=False, cmake_clean_first=False, cmake_force_configure=False, ament_cmake_args=None, catkin_cmake_args=None, catkin_skip_building_tests=False, verb_parser=<colcon_defaults.argument_parser.defaults.DefaultArgumentsDecorator object at 0x7f34ec4e7df0>, verb_extension=<colcon_core.verb.build.BuildVerb object at 0x7f34eccdf340>, main=<bound method BuildVerb.main of <colcon_core.verb.build.BuildVerb object at 0x7f34eccdf340>>)
[0.501s] Level 1:colcon.colcon_core.package_discovery:discover_packages(colcon_meta) check parameters
[0.501s] Level 1:colcon.colcon_core.package_discovery:discover_packages(recursive) check parameters
[0.501s] Level 1:colcon.colcon_core.package_discovery:discover_packages(ignore) check parameters
[0.501s] Level 1:colcon.colcon_core.package_discovery:discover_packages(path) check parameters
[0.501s] Level 1:colcon.colcon_core.package_discovery:discover_packages(colcon_meta) discover
[0.501s] Level 1:colcon.colcon_core.package_discovery:discover_packages(recursive) discover
[0.501s] INFO:colcon.colcon_core.package_discovery:Crawling recursively for packages in '/home/leo/Examples_For_TFG'
[0.501s] Level 1:colcon.colcon_core.package_identification:_identify(.) by extensions ['ignore', 'ignore_ament_install']
[0.502s] Level 1:colcon.colcon_core.package_identification:_identify(.) by extension 'ignore'
[0.502s] Level 1:colcon.colcon_core.package_identification:_identify(.) by extension 'ignore_ament_install'
[0.502s] Level 1:colcon.colcon_core.package_identification:_identify(.) by extensions ['colcon_pkg']
[0.502s] Level 1:colcon.colcon_core.package_identification:_identify(.) by extension 'colcon_pkg'
[0.502s] Level 1:colcon.colcon_core.package_identification:_identify(.) by extensions ['colcon_meta']
[0.502s] Level 1:colcon.colcon_core.package_identification:_identify(.) by extension 'colcon_meta'
[0.502s] Level 1:colcon.colcon_core.package_identification:_identify(.) by extensions ['ros']
[0.502s] Level 1:colcon.colcon_core.package_identification:_identify(.) by extension 'ros'
[0.518s] Level 1:colcon.colcon_core.package_identification:_identify(.) by extensions ['cmake', 'python']
[0.518s] Level 1:colcon.colcon_core.package_identification:_identify(.) by extension 'cmake'
[0.518s] Level 1:colcon.colcon_core.package_identification:_identify(.) by extension 'python'
[0.518s] Level 1:colcon.colcon_core.package_identification:_identify(.) by extensions ['python_setup_py']
[0.518s] Level 1:colcon.colcon_core.package_identification:_identify(.) by extension 'python_setup_py'
[0.518s] Level 1:colcon.colcon_core.package_identification:_identify(build) by extensions ['ignore', 'ignore_ament_install']
[0.518s] Level 1:colcon.colcon_core.package_identification:_identify(build) by extension 'ignore'
[0.518s] Level 1:colcon.colcon_core.package_identification:_identify(build) ignored
[0.519s] Level 1:colcon.colcon_core.package_identification:_identify(install) by extensions ['ignore', 'ignore_ament_install']
[0.519s] Level 1:colcon.colcon_core.package_identification:_identify(install) by extension 'ignore'
[0.519s] Level 1:colcon.colcon_core.package_identification:_identify(install) ignored
[0.519s] Level 1:colcon.colcon_core.package_identification:_identify(log) by extensions ['ignore', 'ignore_ament_install']
[0.519s] Level 1:colcon.colcon_core.package_identification:_identify(log) by extension 'ignore'
[0.519s] Level 1:colcon.colcon_core.package_identification:_identify(log) ignored
[0.519s] Level 1:colcon.colcon_core.package_identification:_identify(pictures) by extensions ['ignore', 'ignore_ament_install']
[0.520s] Level 1:colcon.colcon_core.package_identification:_identify(pictures) by extension 'ignore'
[0.520s] Level 1:colcon.colcon_core.package_identification:_identify(pictures) by extension 'ignore_ament_install'
[0.520s] Level 1:colcon.colcon_core.package_identification:_identify(pictures) by extensions ['colcon_pkg']
[0.520s] Level 1:colcon.colcon_core.package_identification:_identify(pictures) by extension 'colcon_pkg'
[0.520s] Level 1:colcon.colcon_core.package_identification:_identify(pictures) by extensions ['colcon_meta']
[0.520s] Level 1:colcon.colcon_core.package_identification:_identify(pictures) by extension 'colcon_meta'
[0.520s] Level 1:colcon.colcon_core.package_identification:_identify(pictures) by extensions ['ros']
[0.520s] Level 1:colcon.colcon_core.package_identification:_identify(pictures) by extension 'ros'
[0.520s] Level 1:colcon.colcon_core.package_identification:_identify(pictures) by extensions ['cmake', 'python']
[0.520s] Level 1:colcon.colcon_core.package_identification:_identify(pictures) by extension 'cmake'
[0.520s] Level 1:colcon.colcon_core.package_identification:_identify(pictures) by extension 'python'
[0.520s] Level 1:colcon.colcon_core.package_identification:_identify(pictures) by extensions ['python_setup_py']
[0.520s] Level 1:colcon.colcon_core.package_identification:_identify(pictures) by extension 'python_setup_py'
[0.521s] Level 1:colcon.colcon_core.package_identification:_identify(ros2_ws) by extensions ['ignore', 'ignore_ament_install']
[0.521s] Level 1:colcon.colcon_core.package_identification:_identify(ros2_ws) by extension 'ignore'
[0.521s] Level 1:colcon.colcon_core.package_identification:_identify(ros2_ws) by extension 'ignore_ament_install'
[0.521s] Level 1:colcon.colcon_core.package_identification:_identify(ros2_ws) by extensions ['colcon_pkg']
[0.521s] Level 1:colcon.colcon_core.package_identification:_identify(ros2_ws) by extension 'colcon_pkg'
[0.521s] Level 1:colcon.colcon_core.package_identification:_identify(ros2_ws) by extensions ['colcon_meta']
[0.521s] Level 1:colcon.colcon_core.package_identification:_identify(ros2_ws) by extension 'colcon_meta'
[0.521s] Level 1:colcon.colcon_core.package_identification:_identify(ros2_ws) by extensions ['ros']
[0.521s] Level 1:colcon.colcon_core.package_identification:_identify(ros2_ws) by extension 'ros'
[0.521s] Level 1:colcon.colcon_core.package_identification:_identify(ros2_ws) by extensions ['cmake', 'python']
[0.521s] Level 1:colcon.colcon_core.package_identification:_identify(ros2_ws) by extension 'cmake'
[0.521s] Level 1:colcon.colcon_core.package_identification:_identify(ros2_ws) by extension 'python'
[0.521s] Level 1:colcon.colcon_core.package_identification:_identify(ros2_ws) by extensions ['python_setup_py']
[0.521s] Level 1:colcon.colcon_core.package_identification:_identify(ros2_ws) by extension 'python_setup_py'
[0.522s] Level 1:colcon.colcon_core.package_identification:_identify(ros2_ws/build) by extensions ['ignore', 'ignore_ament_install']
[0.522s] Level 1:colcon.colcon_core.package_identification:_identify(ros2_ws/build) by extension 'ignore'
[0.522s] Level 1:colcon.colcon_core.package_identification:_identify(ros2_ws/build) ignored
[0.522s] Level 1:colcon.colcon_core.package_identification:_identify(ros2_ws/install) by extensions ['ignore', 'ignore_ament_install']
[0.522s] Level 1:colcon.colcon_core.package_identification:_identify(ros2_ws/install) by extension 'ignore'
[0.522s] Level 1:colcon.colcon_core.package_identification:_identify(ros2_ws/install) ignored
[0.522s] Level 1:colcon.colcon_core.package_identification:_identify(ros2_ws/log) by extensions ['ignore', 'ignore_ament_install']
[0.523s] Level 1:colcon.colcon_core.package_identification:_identify(ros2_ws/log) by extension 'ignore'
[0.523s] Level 1:colcon.colcon_core.package_identification:_identify(ros2_ws/log) ignored
[0.523s] Level 1:colcon.colcon_core.package_identification:_identify(ros2_ws/src) by extensions ['ignore', 'ignore_ament_install']
[0.523s] Level 1:colcon.colcon_core.package_identification:_identify(ros2_ws/src) by extension 'ignore'
[0.523s] Level 1:colcon.colcon_core.package_identification:_identify(ros2_ws/src) by extension 'ignore_ament_install'
[0.523s] Level 1:colcon.colcon_core.package_identification:_identify(ros2_ws/src) by extensions ['colcon_pkg']
[0.523s] Level 1:colcon.colcon_core.package_identification:_identify(ros2_ws/src) by extension 'colcon_pkg'
[0.523s] Level 1:colcon.colcon_core.package_identification:_identify(ros2_ws/src) by extensions ['colcon_meta']
[0.523s] Level 1:colcon.colcon_core.package_identification:_identify(ros2_ws/src) by extension 'colcon_meta'
[0.523s] Level 1:colcon.colcon_core.package_identification:_identify(ros2_ws/src) by extensions ['ros']
[0.524s] Level 1:colcon.colcon_core.package_identification:_identify(ros2_ws/src) by extension 'ros'
[0.524s] Level 1:colcon.colcon_core.package_identification:_identify(ros2_ws/src) by extensions ['cmake', 'python']
[0.524s] Level 1:colcon.colcon_core.package_identification:_identify(ros2_ws/src) by extension 'cmake'
[0.524s] Level 1:colcon.colcon_core.package_identification:_identify(ros2_ws/src) by extension 'python'
[0.524s] Level 1:colcon.colcon_core.package_identification:_identify(ros2_ws/src) by extensions ['python_setup_py']
[0.524s] Level 1:colcon.colcon_core.package_identification:_identify(ros2_ws/src) by extension 'python_setup_py'
[0.524s] Level 1:colcon.colcon_core.package_identification:_identify(ros2_ws/src/custom_interfaces) by extensions ['ignore', 'ignore_ament_install']
[0.524s] Level 1:colcon.colcon_core.package_identification:_identify(ros2_ws/src/custom_interfaces) by extension 'ignore'
[0.524s] Level 1:colcon.colcon_core.package_identification:_identify(ros2_ws/src/custom_interfaces) by extension 'ignore_ament_install'
[0.524s] Level 1:colcon.colcon_core.package_identification:_identify(ros2_ws/src/custom_interfaces) by extensions ['colcon_pkg']
[0.524s] Level 1:colcon.colcon_core.package_identification:_identify(ros2_ws/src/custom_interfaces) by extension 'colcon_pkg'
[0.524s] Level 1:colcon.colcon_core.package_identification:_identify(ros2_ws/src/custom_interfaces) by extensions ['colcon_meta']
[0.524s] Level 1:colcon.colcon_core.package_identification:_identify(ros2_ws/src/custom_interfaces) by extension 'colcon_meta'
[0.525s] Level 1:colcon.colcon_core.package_identification:_identify(ros2_ws/src/custom_interfaces) by extensions ['ros']
[0.525s] Level 1:colcon.colcon_core.package_identification:_identify(ros2_ws/src/custom_interfaces) by extension 'ros'
[0.529s] DEBUG:colcon.colcon_core.package_identification:Package 'ros2_ws/src/custom_interfaces' with type 'ros.ament_cmake' and name 'custom_interfaces'
[0.529s] Level 1:colcon.colcon_core.package_identification:_identify(ros2_ws/src/examples_pkg) by extensions ['ignore', 'ignore_ament_install']
[0.529s] Level 1:colcon.colcon_core.package_identification:_identify(ros2_ws/src/examples_pkg) by extension 'ignore'
[0.529s] Level 1:colcon.colcon_core.package_identification:_identify(ros2_ws/src/examples_pkg) by extension 'ignore_ament_install'
[0.529s] Level 1:colcon.colcon_core.package_identification:_identify(ros2_ws/src/examples_pkg) by extensions ['colcon_pkg']
[0.530s] Level 1:colcon.colcon_core.package_identification:_identify(ros2_ws/src/examples_pkg) by extension 'colcon_pkg'
[0.530s] Level 1:colcon.colcon_core.package_identification:_identify(ros2_ws/src/examples_pkg) by extensions ['colcon_meta']
[0.530s] Level 1:colcon.colcon_core.package_identification:_identify(ros2_ws/src/examples_pkg) by extension 'colcon_meta'
[0.530s] Level 1:colcon.colcon_core.package_identification:_identify(ros2_ws/src/examples_pkg) by extensions ['ros']
[0.530s] Level 1:colcon.colcon_core.package_identification:_identify(ros2_ws/src/examples_pkg) by extension 'ros'
[0.531s] DEBUG:colcon.colcon_core.package_identification:Package 'ros2_ws/src/examples_pkg' with type 'ros.ament_python' and name 'examples_pkg'
[0.531s] Level 1:colcon.colcon_core.package_identification:_identify(ros2_ws/src/movement_pkg) by extensions ['ignore', 'ignore_ament_install']
[0.531s] Level 1:colcon.colcon_core.package_identification:_identify(ros2_ws/src/movement_pkg) by extension 'ignore'
[0.531s] Level 1:colcon.colcon_core.package_identification:_identify(ros2_ws/src/movement_pkg) by extension 'ignore_ament_install'
[0.531s] Level 1:colcon.colcon_core.package_identification:_identify(ros2_ws/src/movement_pkg) by extensions ['colcon_pkg']
[0.531s] Level 1:colcon.colcon_core.package_identification:_identify(ros2_ws/src/movement_pkg) by extension 'colcon_pkg'
[0.532s] Level 1:colcon.colcon_core.package_identification:_identify(ros2_ws/src/movement_pkg) by extensions ['colcon_meta']
[0.532s] Level 1:colcon.colcon_core.package_identification:_identify(ros2_ws/src/movement_pkg) by extension 'colcon_meta'
[0.532s] Level 1:colcon.colcon_core.package_identification:_identify(ros2_ws/src/movement_pkg) by extensions ['ros']
[0.532s] Level 1:colcon.colcon_core.package_identification:_identify(ros2_ws/src/movement_pkg) by extension 'ros'
[0.534s] DEBUG:colcon.colcon_core.package_identification:Package 'ros2_ws/src/movement_pkg' with type 'ros.ament_python' and name 'movement_pkg'
[0.534s] Level 1:colcon.colcon_core.package_discovery:discover_packages(recursive) using defaults
[0.534s] Level 1:colcon.colcon_core.package_discovery:discover_packages(ignore) discover
[0.534s] Level 1:colcon.colcon_core.package_discovery:discover_packages(ignore) using defaults
[0.534s] Level 1:colcon.colcon_core.package_discovery:discover_packages(path) discover
[0.534s] Level 1:colcon.colcon_core.package_discovery:discover_packages(path) using defaults
[0.575s] Level 1:colcon.colcon_core.package_discovery:discover_packages(prefix_path) check parameters
[0.575s] Level 1:colcon.colcon_core.package_discovery:discover_packages(prefix_path) discover
[0.579s] DEBUG:colcon.colcon_installed_package_information.package_discovery:Found 4 installed packages in /home/leo/ros2_ws/install
[0.582s] DEBUG:colcon.colcon_installed_package_information.package_discovery:Found 375 installed packages in /opt/ros/humble
[0.585s] Level 1:colcon.colcon_core.package_discovery:discover_packages(prefix_path) using defaults
[0.687s] Level 5:colcon.colcon_core.verb:set package 'custom_interfaces' build argument 'cmake_args' from command line to 'None'
[0.687s] Level 5:colcon.colcon_core.verb:set package 'custom_interfaces' build argument 'cmake_target' from command line to 'None'
[0.687s] Level 5:colcon.colcon_core.verb:set package 'custom_interfaces' build argument 'cmake_target_skip_unavailable' from command line to 'False'
[0.687s] Level 5:colcon.colcon_core.verb:set package 'custom_interfaces' build argument 'cmake_clean_cache' from command line to 'False'
[0.687s] Level 5:colcon.colcon_core.verb:set package 'custom_interfaces' build argument 'cmake_clean_first' from command line to 'False'
[0.687s] Level 5:colcon.colcon_core.verb:set package 'custom_interfaces' build argument 'cmake_force_configure' from command line to 'False'
[0.687s] Level 5:colcon.colcon_core.verb:set package 'custom_interfaces' build argument 'ament_cmake_args' from command line to 'None'
[0.687s] Level 5:colcon.colcon_core.verb:set package 'custom_interfaces' build argument 'catkin_cmake_args' from command line to 'None'
[0.687s] Level 5:colcon.colcon_core.verb:set package 'custom_interfaces' build argument 'catkin_skip_building_tests' from command line to 'False'
[0.688s] DEBUG:colcon.colcon_core.verb:Building package 'custom_interfaces' with the following arguments: {'ament_cmake_args': None, 'build_base': '/home/leo/Examples_For_TFG/build/custom_interfaces', 'catkin_cmake_args': None, 'catkin_skip_building_tests': False, 'cmake_args': None, 'cmake_clean_cache': False, 'cmake_clean_first': False, 'cmake_force_configure': False, 'cmake_target': None, 'cmake_target_skip_unavailable': False, 'install_base': '/home/leo/Examples_For_TFG/install/custom_interfaces', 'merge_install': False, 'path': '/home/leo/Examples_For_TFG/ros2_ws/src/custom_interfaces', 'symlink_install': False, 'test_result_base': None}
[0.689s] Level 5:colcon.colcon_core.verb:set package 'examples_pkg' build argument 'cmake_args' from command line to 'None'
[0.689s] Level 5:colcon.colcon_core.verb:set package 'examples_pkg' build argument 'cmake_target' from command line to 'None'
[0.689s] Level 5:colcon.colcon_core.verb:set package 'examples_pkg' build argument 'cmake_target_skip_unavailable' from command line to 'False'
[0.689s] Level 5:colcon.colcon_core.verb:set package 'examples_pkg' build argument 'cmake_clean_cache' from command line to 'False'
[0.689s] Level 5:colcon.colcon_core.verb:set package 'examples_pkg' build argument 'cmake_clean_first' from command line to 'False'
[0.689s] Level 5:colcon.colcon_core.verb:set package 'examples_pkg' build argument 'cmake_force_configure' from command line to 'False'
[0.689s] Level 5:colcon.colcon_core.verb:set package 'examples_pkg' build argument 'ament_cmake_args' from command line to 'None'
[0.689s] Level 5:colcon.colcon_core.verb:set package 'examples_pkg' build argument 'catkin_cmake_args' from command line to 'None'
[0.689s] Level 5:colcon.colcon_core.verb:set package 'examples_pkg' build argument 'catkin_skip_building_tests' from command line to 'False'
[0.690s] DEBUG:colcon.colcon_core.verb:Building package 'examples_pkg' with the following arguments: {'ament_cmake_args': None, 'build_base': '/home/leo/Examples_For_TFG/build/examples_pkg', 'catkin_cmake_args': None, 'catkin_skip_building_tests': False, 'cmake_args': None, 'cmake_clean_cache': False, 'cmake_clean_first': False, 'cmake_force_configure': False, 'cmake_target': None, 'cmake_target_skip_unavailable': False, 'install_base': '/home/leo/Examples_For_TFG/install/examples_pkg', 'merge_install': False, 'path': '/home/leo/Examples_For_TFG/ros2_ws/src/examples_pkg', 'symlink_install': False, 'test_result_base': None}
[0.691s] Level 5:colcon.colcon_core.verb:set package 'movement_pkg' build argument 'cmake_args' from command line to 'None'
[0.691s] Level 5:colcon.colcon_core.verb:set package 'movement_pkg' build argument 'cmake_target' from command line to 'None'
[0.691s] Level 5:colcon.colcon_core.verb:set package 'movement_pkg' build argument 'cmake_target_skip_unavailable' from command line to 'False'
[0.691s] Level 5:colcon.colcon_core.verb:set package 'movement_pkg' build argument 'cmake_clean_cache' from command line to 'False'
[0.691s] Level 5:colcon.colcon_core.verb:set package 'movement_pkg' build argument 'cmake_clean_first' from command line to 'False'
[0.691s] Level 5:colcon.colcon_core.verb:set package 'movement_pkg' build argument 'cmake_force_configure' from command line to 'False'
[0.691s] Level 5:colcon.colcon_core.verb:set package 'movement_pkg' build argument 'ament_cmake_args' from command line to 'None'
[0.691s] Level 5:colcon.colcon_core.verb:set package 'movement_pkg' build argument 'catkin_cmake_args' from command line to 'None'
[0.691s] Level 5:colcon.colcon_core.verb:set package 'movement_pkg' build argument 'catkin_skip_building_tests' from command line to 'False'
[0.691s] DEBUG:colcon.colcon_core.verb:Building package 'movement_pkg' with the following arguments: {'ament_cmake_args': None, 'build_base': '/home/leo/Examples_For_TFG/build/movement_pkg', 'catkin_cmake_args': None, 'catkin_skip_building_tests': False, 'cmake_args': None, 'cmake_clean_cache': False, 'cmake_clean_first': False, 'cmake_force_configure': False, 'cmake_target': None, 'cmake_target_skip_unavailable': False, 'install_base': '/home/leo/Examples_For_TFG/install/movement_pkg', 'merge_install': False, 'path': '/home/leo/Examples_For_TFG/ros2_ws/src/movement_pkg', 'symlink_install': False, 'test_result_base': None}
[0.692s] INFO:colcon.colcon_core.executor:Executing jobs using 'parallel' executor
[0.698s] DEBUG:colcon.colcon_parallel_executor.executor.parallel:run_until_complete
[0.698s] INFO:colcon.colcon_ros.task.ament_cmake.build:Building ROS package in '/home/leo/Examples_For_TFG/ros2_ws/src/custom_interfaces' with build type 'ament_cmake'
[0.698s] INFO:colcon.colcon_cmake.task.cmake.build:Building CMake package in '/home/leo/Examples_For_TFG/ros2_ws/src/custom_interfaces'
[0.705s] INFO:colcon.colcon_core.plugin_system:Skipping extension 'colcon_core.shell.bat': Not used on non-Windows systems
[0.705s] INFO:colcon.colcon_core.shell:Skip shell extension 'powershell' for command environment: Not usable outside of PowerShell
[0.705s] DEBUG:colcon.colcon_core.shell:Skip shell extension 'dsv' for command environment
[0.713s] INFO:colcon.colcon_ros.task.ament_python.build:Building ROS package in '/home/leo/Examples_For_TFG/ros2_ws/src/examples_pkg' with build type 'ament_python'
[0.713s] Level 1:colcon.colcon_core.shell:create_environment_hook('examples_pkg', 'ament_prefix_path')
[0.716s] INFO:colcon.colcon_core.shell:Creating environment hook '/home/leo/Examples_For_TFG/install/examples_pkg/share/examples_pkg/hook/ament_prefix_path.ps1'
[0.717s] INFO:colcon.colcon_core.shell:Creating environment descriptor '/home/leo/Examples_For_TFG/install/examples_pkg/share/examples_pkg/hook/ament_prefix_path.dsv'
[0.718s] INFO:colcon.colcon_core.shell:Creating environment hook '/home/leo/Examples_For_TFG/install/examples_pkg/share/examples_pkg/hook/ament_prefix_path.sh'
[0.720s] INFO:colcon.colcon_core.shell:Skip shell extension 'powershell' for command environment: Not usable outside of PowerShell
[0.721s] DEBUG:colcon.colcon_core.shell:Skip shell extension 'dsv' for command environment
[0.737s] DEBUG:colcon.colcon_core.event_handler.log_command:Invoking command in '/home/leo/Examples_For_TFG/build/custom_interfaces': CMAKE_PREFIX_PATH=${CMAKE_PREFIX_PATH}:/home/leo/ros2_ws/install/examples_pkg:/opt/ros/humble /usr/bin/cmake --build /home/leo/Examples_For_TFG/build/custom_interfaces -- -j8 -l8
[1.236s] INFO:colcon.colcon_core.task.python.build:Building Python package in '/home/leo/Examples_For_TFG/ros2_ws/src/examples_pkg'
[1.239s] INFO:colcon.colcon_core.shell:Skip shell extension 'powershell' for command environment: Not usable outside of PowerShell
[1.239s] DEBUG:colcon.colcon_core.shell:Skip shell extension 'dsv' for command environment
[1.368s] DEBUG:colcon.colcon_core.event_handler.log_command:Invoked command in '/home/leo/Examples_For_TFG/build/custom_interfaces' returned '0': CMAKE_PREFIX_PATH=${CMAKE_PREFIX_PATH}:/home/leo/ros2_ws/install/examples_pkg:/opt/ros/humble /usr/bin/cmake --build /home/leo/Examples_For_TFG/build/custom_interfaces -- -j8 -l8
[1.480s] DEBUG:colcon.colcon_core.event_handler.log_command:Invoking command in '/home/leo/Examples_For_TFG/build/custom_interfaces': CMAKE_PREFIX_PATH=${CMAKE_PREFIX_PATH}:/home/leo/ros2_ws/install/examples_pkg:/opt/ros/humble /usr/bin/cmake --install /home/leo/Examples_For_TFG/build/custom_interfaces
[1.574s] Level 1:colcon.colcon_core.environment:create_environment_scripts_only(custom_interfaces)
[1.575s] DEBUG:colcon.colcon_core.event_handler.log_command:Invoked command in '/home/leo/Examples_For_TFG/build/custom_interfaces' returned '0': CMAKE_PREFIX_PATH=${CMAKE_PREFIX_PATH}:/home/leo/ros2_ws/install/examples_pkg:/opt/ros/humble /usr/bin/cmake --install /home/leo/Examples_For_TFG/build/custom_interfaces
[1.586s] Level 1:colcon.colcon_core.environment:checking '/home/leo/Examples_For_TFG/install/custom_interfaces' for CMake module files
[1.588s] Level 1:colcon.colcon_core.environment:checking '/home/leo/Examples_For_TFG/install/custom_interfaces' for CMake config files
[1.589s] Level 1:colcon.colcon_core.shell:create_environment_hook('custom_interfaces', 'cmake_prefix_path')
[1.592s] INFO:colcon.colcon_core.shell:Creating environment hook '/home/leo/Examples_For_TFG/install/custom_interfaces/share/custom_interfaces/hook/cmake_prefix_path.ps1'
[1.593s] INFO:colcon.colcon_core.shell:Creating environment descriptor '/home/leo/Examples_For_TFG/install/custom_interfaces/share/custom_interfaces/hook/cmake_prefix_path.dsv'
[1.594s] INFO:colcon.colcon_core.shell:Creating environment hook '/home/leo/Examples_For_TFG/install/custom_interfaces/share/custom_interfaces/hook/cmake_prefix_path.sh'
[1.595s] Level 1:colcon.colcon_core.environment:checking '/home/leo/Examples_For_TFG/install/custom_interfaces/lib'
[1.595s] Level 1:colcon.colcon_core.shell:create_environment_hook('custom_interfaces', 'ld_library_path_lib')
[1.598s] INFO:colcon.colcon_core.shell:Creating environment hook '/home/leo/Examples_For_TFG/install/custom_interfaces/share/custom_interfaces/hook/ld_library_path_lib.ps1'
[1.600s] INFO:colcon.colcon_core.shell:Creating environment descriptor '/home/leo/Examples_For_TFG/install/custom_interfaces/share/custom_interfaces/hook/ld_library_path_lib.dsv'
[1.600s] INFO:colcon.colcon_core.shell:Creating environment hook '/home/leo/Examples_For_TFG/install/custom_interfaces/share/custom_interfaces/hook/ld_library_path_lib.sh'
[1.601s] Level 1:colcon.colcon_core.environment:checking '/home/leo/Examples_For_TFG/install/custom_interfaces/bin'
[1.601s] Level 1:colcon.colcon_core.environment:checking '/home/leo/Examples_For_TFG/install/custom_interfaces/lib/pkgconfig/custom_interfaces.pc'
[1.601s] Level 1:colcon.colcon_core.environment:checking '/home/leo/Examples_For_TFG/install/custom_interfaces/lib/python3.10/site-packages'
[1.602s] Level 1:colcon.colcon_core.environment:checking '/home/leo/Examples_For_TFG/install/custom_interfaces/bin'
[1.604s] INFO:colcon.colcon_core.shell:Creating package script '/home/leo/Examples_For_TFG/install/custom_interfaces/share/custom_interfaces/package.ps1'
[1.605s] INFO:colcon.colcon_core.shell:Creating package descriptor '/home/leo/Examples_For_TFG/install/custom_interfaces/share/custom_interfaces/package.dsv'
[1.606s] INFO:colcon.colcon_core.shell:Creating package script '/home/leo/Examples_For_TFG/install/custom_interfaces/share/custom_interfaces/package.sh'
[1.608s] INFO:colcon.colcon_core.shell:Creating package script '/home/leo/Examples_For_TFG/install/custom_interfaces/share/custom_interfaces/package.bash'
[1.610s] INFO:colcon.colcon_core.shell:Creating package script '/home/leo/Examples_For_TFG/install/custom_interfaces/share/custom_interfaces/package.zsh'
[1.610s] Level 1:colcon.colcon_core.environment:create_file_with_runtime_dependencies(/home/leo/Examples_For_TFG/install/custom_interfaces/share/colcon-core/packages/custom_interfaces)
[1.704s] Level 1:colcon.colcon_core.environment:create_environment_scripts_only(custom_interfaces)
[1.706s] Level 1:colcon.colcon_core.environment:checking '/home/leo/Examples_For_TFG/install/custom_interfaces' for CMake module files
[1.708s] Level 1:colcon.colcon_core.environment:checking '/home/leo/Examples_For_TFG/install/custom_interfaces' for CMake config files
[1.709s] Level 1:colcon.colcon_core.shell:create_environment_hook('custom_interfaces', 'cmake_prefix_path')
[1.712s] INFO:colcon.colcon_core.shell:Creating environment hook '/home/leo/Examples_For_TFG/install/custom_interfaces/share/custom_interfaces/hook/cmake_prefix_path.ps1'
[1.712s] INFO:colcon.colcon_core.shell:Creating environment descriptor '/home/leo/Examples_For_TFG/install/custom_interfaces/share/custom_interfaces/hook/cmake_prefix_path.dsv'
[1.713s] INFO:colcon.colcon_core.shell:Creating environment hook '/home/leo/Examples_For_TFG/install/custom_interfaces/share/custom_interfaces/hook/cmake_prefix_path.sh'
[1.714s] Level 1:colcon.colcon_core.environment:checking '/home/leo/Examples_For_TFG/install/custom_interfaces/lib'
[1.714s] Level 1:colcon.colcon_core.shell:create_environment_hook('custom_interfaces', 'ld_library_path_lib')
[1.716s] INFO:colcon.colcon_core.shell:Creating environment hook '/home/leo/Examples_For_TFG/install/custom_interfaces/share/custom_interfaces/hook/ld_library_path_lib.ps1'
[1.717s] INFO:colcon.colcon_core.shell:Creating environment descriptor '/home/leo/Examples_For_TFG/install/custom_interfaces/share/custom_interfaces/hook/ld_library_path_lib.dsv'
[1.718s] INFO:colcon.colcon_core.shell:Creating environment hook '/home/leo/Examples_For_TFG/install/custom_interfaces/share/custom_interfaces/hook/ld_library_path_lib.sh'
[1.718s] Level 1:colcon.colcon_core.environment:checking '/home/leo/Examples_For_TFG/install/custom_interfaces/bin'
[1.718s] Level 1:colcon.colcon_core.environment:checking '/home/leo/Examples_For_TFG/install/custom_interfaces/lib/pkgconfig/custom_interfaces.pc'
[1.719s] Level 1:colcon.colcon_core.environment:checking '/home/leo/Examples_For_TFG/install/custom_interfaces/lib/python3.10/site-packages'
[1.719s] Level 1:colcon.colcon_core.environment:checking '/home/leo/Examples_For_TFG/install/custom_interfaces/bin'
[1.722s] INFO:colcon.colcon_core.shell:Creating package script '/home/leo/Examples_For_TFG/install/custom_interfaces/share/custom_interfaces/package.ps1'
[1.723s] INFO:colcon.colcon_core.shell:Creating package descriptor '/home/leo/Examples_For_TFG/install/custom_interfaces/share/custom_interfaces/package.dsv'
[1.724s] INFO:colcon.colcon_core.shell:Creating package script '/home/leo/Examples_For_TFG/install/custom_interfaces/share/custom_interfaces/package.sh'
[1.725s] INFO:colcon.colcon_core.shell:Creating package script '/home/leo/Examples_For_TFG/install/custom_interfaces/share/custom_interfaces/package.bash'
[1.725s] INFO:colcon.colcon_core.shell:Creating package script '/home/leo/Examples_For_TFG/install/custom_interfaces/share/custom_interfaces/package.zsh'
[1.726s] Level 1:colcon.colcon_core.environment:create_file_with_runtime_dependencies(/home/leo/Examples_For_TFG/install/custom_interfaces/share/colcon-core/packages/custom_interfaces)
[1.727s] INFO:colcon.colcon_ros.task.ament_python.build:Building ROS package in '/home/leo/Examples_For_TFG/ros2_ws/src/movement_pkg' with build type 'ament_python'
[1.728s] Level 1:colcon.colcon_core.shell:create_environment_hook('movement_pkg', 'ament_prefix_path')
[1.732s] INFO:colcon.colcon_core.shell:Creating environment hook '/home/leo/Examples_For_TFG/install/movement_pkg/share/movement_pkg/hook/ament_prefix_path.ps1'
[1.733s] INFO:colcon.colcon_core.shell:Creating environment descriptor '/home/leo/Examples_For_TFG/install/movement_pkg/share/movement_pkg/hook/ament_prefix_path.dsv'
[1.734s] INFO:colcon.colcon_core.shell:Creating environment hook '/home/leo/Examples_For_TFG/install/movement_pkg/share/movement_pkg/hook/ament_prefix_path.sh'
[1.738s] INFO:colcon.colcon_core.shell:Skip shell extension 'powershell' for command environment: Not usable outside of PowerShell
[1.738s] DEBUG:colcon.colcon_core.shell:Skip shell extension 'dsv' for command environment
[2.169s] INFO:colcon.colcon_core.task.python.build:Building Python package in '/home/leo/Examples_For_TFG/ros2_ws/src/movement_pkg'
[2.170s] INFO:colcon.colcon_core.shell:Skip shell extension 'powershell' for command environment: Not usable outside of PowerShell
[2.171s] DEBUG:colcon.colcon_core.shell:Skip shell extension 'dsv' for command environment
[2.181s] DEBUG:colcon.colcon_core.event_handler.log_command:Invoking command in '/home/leo/Examples_For_TFG/ros2_ws/src/examples_pkg': PYTHONPATH=/home/leo/Examples_For_TFG/build/examples_pkg/prefix_override:/home/leo/Examples_For_TFG/install/examples_pkg/lib/python3.10/site-packages:${PYTHONPATH} /usr/bin/python3 setup.py egg_info --egg-base ../../../build/examples_pkg build --build-base /home/leo/Examples_For_TFG/build/examples_pkg/build install --record /home/leo/Examples_For_TFG/build/examples_pkg/install.log --single-version-externally-managed
[2.702s] Level 1:colcon.colcon_core.environment:checking '/home/leo/Examples_For_TFG/install/examples_pkg' for CMake module files
[2.703s] DEBUG:colcon.colcon_core.event_handler.log_command:Invoked command in '/home/leo/Examples_For_TFG/ros2_ws/src/examples_pkg' returned '0': PYTHONPATH=/home/leo/Examples_For_TFG/build/examples_pkg/prefix_override:/home/leo/Examples_For_TFG/install/examples_pkg/lib/python3.10/site-packages:${PYTHONPATH} /usr/bin/python3 setup.py egg_info --egg-base ../../../build/examples_pkg build --build-base /home/leo/Examples_For_TFG/build/examples_pkg/build install --record /home/leo/Examples_For_TFG/build/examples_pkg/install.log --single-version-externally-managed
[2.704s] Level 1:colcon.colcon_core.environment:checking '/home/leo/Examples_For_TFG/install/examples_pkg' for CMake config files
[2.705s] Level 1:colcon.colcon_core.environment:checking '/home/leo/Examples_For_TFG/install/examples_pkg/lib'
[2.706s] Level 1:colcon.colcon_core.environment:checking '/home/leo/Examples_For_TFG/install/examples_pkg/bin'
[2.706s] Level 1:colcon.colcon_core.environment:checking '/home/leo/Examples_For_TFG/install/examples_pkg/lib/pkgconfig/examples_pkg.pc'
[2.706s] Level 1:colcon.colcon_core.environment:checking '/home/leo/Examples_For_TFG/install/examples_pkg/lib/python3.10/site-packages'
[2.706s] Level 1:colcon.colcon_core.shell:create_environment_hook('examples_pkg', 'pythonpath')
[2.710s] INFO:colcon.colcon_core.shell:Creating environment hook '/home/leo/Examples_For_TFG/install/examples_pkg/share/examples_pkg/hook/pythonpath.ps1'
[2.711s] INFO:colcon.colcon_core.shell:Creating environment descriptor '/home/leo/Examples_For_TFG/install/examples_pkg/share/examples_pkg/hook/pythonpath.dsv'
[2.712s] INFO:colcon.colcon_core.shell:Creating environment hook '/home/leo/Examples_For_TFG/install/examples_pkg/share/examples_pkg/hook/pythonpath.sh'
[2.713s] Level 1:colcon.colcon_core.environment:checking '/home/leo/Examples_For_TFG/install/examples_pkg/bin'
[2.713s] Level 1:colcon.colcon_core.environment:create_environment_scripts_only(examples_pkg)
[2.717s] INFO:colcon.colcon_core.shell:Creating package script '/home/leo/Examples_For_TFG/install/examples_pkg/share/examples_pkg/package.ps1'
[2.718s] INFO:colcon.colcon_core.shell:Creating package descriptor '/home/leo/Examples_For_TFG/install/examples_pkg/share/examples_pkg/package.dsv'
[2.719s] INFO:colcon.colcon_core.shell:Creating package script '/home/leo/Examples_For_TFG/install/examples_pkg/share/examples_pkg/package.sh'
[2.720s] INFO:colcon.colcon_core.shell:Creating package script '/home/leo/Examples_For_TFG/install/examples_pkg/share/examples_pkg/package.bash'
[2.720s] INFO:colcon.colcon_core.shell:Creating package script '/home/leo/Examples_For_TFG/install/examples_pkg/share/examples_pkg/package.zsh'
[2.721s] Level 1:colcon.colcon_core.environment:create_file_with_runtime_dependencies(/home/leo/Examples_For_TFG/install/examples_pkg/share/colcon-core/packages/examples_pkg)
[2.911s] DEBUG:colcon.colcon_core.event_handler.log_command:Invoking command in '/home/leo/Examples_For_TFG/ros2_ws/src/movement_pkg': AMENT_PREFIX_PATH=/home/leo/Examples_For_TFG/install/custom_interfaces:${AMENT_PREFIX_PATH} CMAKE_PREFIX_PATH=/home/leo/Examples_For_TFG/install/custom_interfaces:${CMAKE_PREFIX_PATH} LD_LIBRARY_PATH=/home/leo/Examples_For_TFG/install/custom_interfaces/lib:${LD_LIBRARY_PATH} PYTHONPATH=/home/leo/Examples_For_TFG/build/movement_pkg/prefix_override:/home/leo/Examples_For_TFG/install/movement_pkg/lib/python3.10/site-packages:/home/leo/Examples_For_TFG/install/custom_interfaces/local/lib/python3.10/dist-packages:${PYTHONPATH} /usr/bin/python3 setup.py egg_info --egg-base ../../../build/movement_pkg build --build-base /home/leo/Examples_For_TFG/build/movement_pkg/build install --record /home/leo/Examples_For_TFG/build/movement_pkg/install.log --single-version-externally-managed
[3.377s] Level 1:colcon.colcon_core.environment:checking '/home/leo/Examples_For_TFG/install/movement_pkg' for CMake module files
[3.378s] DEBUG:colcon.colcon_core.event_handler.log_command:Invoked command in '/home/leo/Examples_For_TFG/ros2_ws/src/movement_pkg' returned '0': AMENT_PREFIX_PATH=/home/leo/Examples_For_TFG/install/custom_interfaces:${AMENT_PREFIX_PATH} CMAKE_PREFIX_PATH=/home/leo/Examples_For_TFG/install/custom_interfaces:${CMAKE_PREFIX_PATH} LD_LIBRARY_PATH=/home/leo/Examples_For_TFG/install/custom_interfaces/lib:${LD_LIBRARY_PATH} PYTHONPATH=/home/leo/Examples_For_TFG/build/movement_pkg/prefix_override:/home/leo/Examples_For_TFG/install/movement_pkg/lib/python3.10/site-packages:/home/leo/Examples_For_TFG/install/custom_interfaces/local/lib/python3.10/dist-packages:${PYTHONPATH} /usr/bin/python3 setup.py egg_info --egg-base ../../../build/movement_pkg build --build-base /home/leo/Examples_For_TFG/build/movement_pkg/build install --record /home/leo/Examples_For_TFG/build/movement_pkg/install.log --single-version-externally-managed
[3.378s] Level 1:colcon.colcon_core.environment:checking '/home/leo/Examples_For_TFG/install/movement_pkg' for CMake config files
[3.379s] Level 1:colcon.colcon_core.environment:checking '/home/leo/Examples_For_TFG/install/movement_pkg/lib'
[3.379s] Level 1:colcon.colcon_core.environment:checking '/home/leo/Examples_For_TFG/install/movement_pkg/bin'
[3.380s] Level 1:colcon.colcon_core.environment:checking '/home/leo/Examples_For_TFG/install/movement_pkg/lib/pkgconfig/movement_pkg.pc'
[3.380s] Level 1:colcon.colcon_core.environment:checking '/home/leo/Examples_For_TFG/install/movement_pkg/lib/python3.10/site-packages'
[3.380s] Level 1:colcon.colcon_core.shell:create_environment_hook('movement_pkg', 'pythonpath')
[3.382s] INFO:colcon.colcon_core.shell:Creating environment hook '/home/leo/Examples_For_TFG/install/movement_pkg/share/movement_pkg/hook/pythonpath.ps1'
[3.383s] INFO:colcon.colcon_core.shell:Creating environment descriptor '/home/leo/Examples_For_TFG/install/movement_pkg/share/movement_pkg/hook/pythonpath.dsv'
[3.384s] INFO:colcon.colcon_core.shell:Creating environment hook '/home/leo/Examples_For_TFG/install/movement_pkg/share/movement_pkg/hook/pythonpath.sh'
[3.384s] Level 1:colcon.colcon_core.environment:checking '/home/leo/Examples_For_TFG/install/movement_pkg/bin'
[3.384s] Level 1:colcon.colcon_core.environment:create_environment_scripts_only(movement_pkg)
[3.386s] INFO:colcon.colcon_core.shell:Creating package script '/home/leo/Examples_For_TFG/install/movement_pkg/share/movement_pkg/package.ps1'
[3.388s] INFO:colcon.colcon_core.shell:Creating package descriptor '/home/leo/Examples_For_TFG/install/movement_pkg/share/movement_pkg/package.dsv'
[3.388s] INFO:colcon.colcon_core.shell:Creating package script '/home/leo/Examples_For_TFG/install/movement_pkg/share/movement_pkg/package.sh'
[3.389s] INFO:colcon.colcon_core.shell:Creating package script '/home/leo/Examples_For_TFG/install/movement_pkg/share/movement_pkg/package.bash'
[3.389s] INFO:colcon.colcon_core.shell:Creating package script '/home/leo/Examples_For_TFG/install/movement_pkg/share/movement_pkg/package.zsh'
[3.390s] Level 1:colcon.colcon_core.environment:create_file_with_runtime_dependencies(/home/leo/Examples_For_TFG/install/movement_pkg/share/colcon-core/packages/movement_pkg)
[3.390s] DEBUG:colcon.colcon_parallel_executor.executor.parallel:closing loop
[3.391s] DEBUG:colcon.colcon_parallel_executor.executor.parallel:loop closed
[3.391s] DEBUG:colcon.colcon_parallel_executor.executor.parallel:run_until_complete finished with '0'
[3.391s] DEBUG:colcon.colcon_core.event_reactor:joining thread
[3.400s] INFO:colcon.colcon_core.plugin_system:Skipping extension 'colcon_notification.desktop_notification.terminal_notifier': Not used on non-Darwin systems
[3.400s] INFO:colcon.colcon_core.plugin_system:Skipping extension 'colcon_notification.desktop_notification.win32': Not used on non-Windows systems
[3.400s] INFO:colcon.colcon_notification.desktop_notification:Sending desktop notification using 'notify2'
[3.417s] DEBUG:colcon.colcon_core.event_reactor:joined thread
[3.420s] INFO:colcon.colcon_core.shell:Creating prefix script '/home/leo/Examples_For_TFG/install/local_setup.ps1'
[3.423s] INFO:colcon.colcon_core.shell:Creating prefix util module '/home/leo/Examples_For_TFG/install/_local_setup_util_ps1.py'
[3.426s] INFO:colcon.colcon_core.shell:Creating prefix chain script '/home/leo/Examples_For_TFG/install/setup.ps1'
[3.428s] INFO:colcon.colcon_core.shell:Creating prefix script '/home/leo/Examples_For_TFG/install/local_setup.sh'
[3.429s] INFO:colcon.colcon_core.shell:Creating prefix util module '/home/leo/Examples_For_TFG/install/_local_setup_util_sh.py'
[3.430s] INFO:colcon.colcon_core.shell:Creating prefix chain script '/home/leo/Examples_For_TFG/install/setup.sh'
[3.432s] INFO:colcon.colcon_core.shell:Creating prefix script '/home/leo/Examples_For_TFG/install/local_setup.bash'
[3.433s] INFO:colcon.colcon_core.shell:Creating prefix chain script '/home/leo/Examples_For_TFG/install/setup.bash'
[3.437s] INFO:colcon.colcon_core.shell:Creating prefix script '/home/leo/Examples_For_TFG/install/local_setup.zsh'
[3.438s] INFO:colcon.colcon_core.shell:Creating prefix chain script '/home/leo/Examples_For_TFG/install/setup.zsh'
