[1.053s] Invoking command in '/home/leo/Examples_For_TFG/ros2_ws/src/movement_pkg': PYTHONPATH=/home/leo/Examples_For_TFG/build/movement_pkg/prefix_override:/home/leo/Examples_For_TFG/install/movement_pkg/lib/python3.10/site-packages:${PYTHONPATH} /usr/bin/python3 setup.py egg_info --egg-base ../../../build/movement_pkg build --build-base /home/leo/Examples_For_TFG/build/movement_pkg/build install --record /home/leo/Examples_For_TFG/build/movement_pkg/install.log --single-version-externally-managed
[1.399s] running egg_info
[1.400s] writing ../../../build/movement_pkg/movement_pkg.egg-info/PKG-INFO
[1.401s] writing dependency_links to ../../../build/movement_pkg/movement_pkg.egg-info/dependency_links.txt
[1.401s] writing entry points to ../../../build/movement_pkg/movement_pkg.egg-info/entry_points.txt
[1.401s] writing requirements to ../../../build/movement_pkg/movement_pkg.egg-info/requires.txt
[1.401s] writing top-level names to ../../../build/movement_pkg/movement_pkg.egg-info/top_level.txt
[1.406s] reading manifest file '../../../build/movement_pkg/movement_pkg.egg-info/SOURCES.txt'
[1.407s] writing manifest file '../../../build/movement_pkg/movement_pkg.egg-info/SOURCES.txt'
[1.407s] running build
[1.407s] running build_py
[1.408s] copying movement_pkg/__init__.py -> /home/leo/Examples_For_TFG/build/movement_pkg/build/lib/movement_pkg
[1.408s] copying movement_pkg/movement_client.py -> /home/leo/Examples_For_TFG/build/movement_pkg/build/lib/movement_pkg
[1.408s] copying movement_pkg/movement_server.py -> /home/leo/Examples_For_TFG/build/movement_pkg/build/lib/movement_pkg
[1.409s] running install
[1.409s] /usr/lib/python3/dist-packages/setuptools/command/install.py:34: SetuptoolsDeprecationWarning: setup.py install is deprecated. Use build and pip and other standards-based tools.
[1.409s]   warnings.warn(
[1.410s] running install_lib
[1.411s] copying /home/leo/Examples_For_TFG/build/movement_pkg/build/lib/movement_pkg/__init__.py -> /home/leo/Examples_For_TFG/install/movement_pkg/lib/python3.10/site-packages/movement_pkg
[1.411s] copying /home/leo/Examples_For_TFG/build/movement_pkg/build/lib/movement_pkg/movement_client.py -> /home/leo/Examples_For_TFG/install/movement_pkg/lib/python3.10/site-packages/movement_pkg
[1.412s] copying /home/leo/Examples_For_TFG/build/movement_pkg/build/lib/movement_pkg/movement_server.py -> /home/leo/Examples_For_TFG/install/movement_pkg/lib/python3.10/site-packages/movement_pkg
[1.413s] byte-compiling /home/leo/Examples_For_TFG/install/movement_pkg/lib/python3.10/site-packages/movement_pkg/__init__.py to __init__.cpython-310.pyc
[1.413s] byte-compiling /home/leo/Examples_For_TFG/install/movement_pkg/lib/python3.10/site-packages/movement_pkg/movement_client.py to movement_client.cpython-310.pyc
[1.415s] byte-compiling /home/leo/Examples_For_TFG/install/movement_pkg/lib/python3.10/site-packages/movement_pkg/movement_server.py to movement_server.cpython-310.pyc
[1.419s] running install_data
[1.420s] running install_egg_info
[1.424s] removing '/home/leo/Examples_For_TFG/install/movement_pkg/lib/python3.10/site-packages/movement_pkg-0.0.0-py3.10.egg-info' (and everything under it)
[1.424s] Copying ../../../build/movement_pkg/movement_pkg.egg-info to /home/leo/Examples_For_TFG/install/movement_pkg/lib/python3.10/site-packages/movement_pkg-0.0.0-py3.10.egg-info
[1.425s] running install_scripts
[1.455s] Installing movement_client script to /home/leo/Examples_For_TFG/install/movement_pkg/lib/movement_pkg
[1.456s] Installing movement_server script to /home/leo/Examples_For_TFG/install/movement_pkg/lib/movement_pkg
[1.456s] writing list of installed files to '/home/leo/Examples_For_TFG/build/movement_pkg/install.log'
[1.493s] Invoked command in '/home/leo/Examples_For_TFG/ros2_ws/src/movement_pkg' returned '0': PYTHONPATH=/home/leo/Examples_For_TFG/build/movement_pkg/prefix_override:/home/leo/Examples_For_TFG/install/movement_pkg/lib/python3.10/site-packages:${PYTHONPATH} /usr/bin/python3 setup.py egg_info --egg-base ../../../build/movement_pkg build --build-base /home/leo/Examples_For_TFG/build/movement_pkg/build install --record /home/leo/Examples_For_TFG/build/movement_pkg/install.log --single-version-externally-managed
