[0.029s] Invoking command in '/home/leo/Examples_For_TFG/build/custom_interfaces': CMAKE_PREFIX_PATH=${CMAKE_PREFIX_PATH}:/home/leo/ros2_ws/install/examples_pkg:/opt/ros/humble /usr/bin/cmake /home/leo/Examples_For_TFG/ros2_ws/src/custom_interfaces -DCMAKE_INSTALL_PREFIX=/home/leo/Examples_For_TFG/install/custom_interfaces
[0.252s] -- Found ament_cmake: 1.3.5 (/opt/ros/humble/share/ament_cmake/cmake)
[0.252s] -- Found rclcpp: 16.0.5 (/opt/ros/humble/share/rclcpp/cmake)
[0.252s] -- Found rosidl_generator_c: 3.1.5 (/opt/ros/humble/share/rosidl_generator_c/cmake)
[0.252s] -- Found rosidl_adapter: 3.1.5 (/opt/ros/humble/share/rosidl_adapter/cmake)
[0.252s] -- Found rosidl_generator_cpp: 3.1.5 (/opt/ros/humble/share/rosidl_generator_cpp/cmake)
[0.252s] -- Using all available rosidl_typesupport_c: rosidl_typesupport_fastrtps_c;rosidl_typesupport_introspection_c
[0.252s] -- Using all available rosidl_typesupport_cpp: rosidl_typesupport_fastrtps_cpp;rosidl_typesupport_introspection_cpp
[0.260s] -- Found rmw_implementation_cmake: 6.1.1 (/opt/ros/humble/share/rmw_implementation_cmake/cmake)
[0.261s] -- Found rmw_fastrtps_cpp: 6.2.3 (/opt/ros/humble/share/rmw_fastrtps_cpp/cmake)
[0.358s] -- Using RMW implementation 'rmw_fastrtps_cpp' as default
[0.484s] -- Found rosidl_default_generators: 1.2.0 (/opt/ros/humble/share/rosidl_default_generators/cmake)
[0.490s] -- Found ament_lint_auto: 0.12.7 (/opt/ros/humble/share/ament_lint_auto/cmake)
[0.710s] -- Found ament_cmake_ros: 0.10.0 (/opt/ros/humble/share/ament_cmake_ros/cmake)
[0.980s] -- Using all available rosidl_typesupport_c: rosidl_typesupport_fastrtps_c;rosidl_typesupport_introspection_c
[1.084s] -- Using all available rosidl_typesupport_cpp: rosidl_typesupport_fastrtps_cpp;rosidl_typesupport_introspection_cpp
[1.102s] -- Found PythonInterp: /usr/bin/python3 (found suitable version "3.10.12", minimum required is "3.6") 
[1.104s] -- Found python_cmake_module: 0.10.0 (/opt/ros/humble/share/python_cmake_module/cmake)
[1.125s] -- Found PythonLibs: /usr/lib/x86_64-linux-gnu/libpython3.10.so (found suitable version "3.10.12", minimum required is "3.5") 
[1.126s] -- Using PYTHON_EXECUTABLE: /usr/bin/python3
[1.126s] -- Using PYTHON_INCLUDE_DIRS: /usr/include/python3.10
[1.126s] -- Using PYTHON_LIBRARIES: /usr/lib/x86_64-linux-gnu/libpython3.10.so
[1.147s] -- Found PythonExtra: .so  
[1.197s] -- Added test 'lint_cmake' to check CMake code style
[1.198s] -- Added test 'xmllint' to check XML markup files
[1.203s] -- Configuring done
[1.229s] -- Generating done
[1.231s] -- Build files have been written to: /home/leo/Examples_For_TFG/build/custom_interfaces
[1.239s] Invoked command in '/home/leo/Examples_For_TFG/build/custom_interfaces' returned '0': CMAKE_PREFIX_PATH=${CMAKE_PREFIX_PATH}:/home/leo/ros2_ws/install/examples_pkg:/opt/ros/humble /usr/bin/cmake /home/leo/Examples_For_TFG/ros2_ws/src/custom_interfaces -DCMAKE_INSTALL_PREFIX=/home/leo/Examples_For_TFG/install/custom_interfaces
[1.241s] Invoking command in '/home/leo/Examples_For_TFG/build/custom_interfaces': CMAKE_PREFIX_PATH=${CMAKE_PREFIX_PATH}:/home/leo/ros2_ws/install/examples_pkg:/opt/ros/humble /usr/bin/cmake --build /home/leo/Examples_For_TFG/build/custom_interfaces -- -j8 -l8
[1.278s] [  3%] [34m[1mGenerating C code for ROS interfaces[0m
[1.289s] [  6%] [34m[1mGenerating C++ code for ROS interfaces[0m
[1.298s] [  6%] Built target ament_cmake_python_copy_custom_interfaces
[1.506s] running egg_info
[1.507s] creating custom_interfaces.egg-info
[1.507s] writing custom_interfaces.egg-info/PKG-INFO
[1.507s] writing dependency_links to custom_interfaces.egg-info/dependency_links.txt
[1.507s] writing top-level names to custom_interfaces.egg-info/top_level.txt
[1.507s] writing manifest file 'custom_interfaces.egg-info/SOURCES.txt'
[1.510s] reading manifest file 'custom_interfaces.egg-info/SOURCES.txt'
[1.510s] writing manifest file 'custom_interfaces.egg-info/SOURCES.txt'
[1.535s] [  6%] Built target ament_cmake_python_build_custom_interfaces_egg
[1.554s] [  6%] Built target custom_interfaces__cpp
[1.562s] [ 12%] [34m[1mGenerating C++ introspection for ROS interfaces[0m
[1.562s] [ 12%] [34m[1mGenerating C++ type support dispatch for ROS interfaces[0m
[1.563s] [ 16%] [34m[1mGenerating C++ type support for eProsima Fast-RTPS[0m
[1.565s] [ 19%] [32mBuilding C object CMakeFiles/custom_interfaces__rosidl_generator_c.dir/rosidl_generator_c/custom_interfaces/srv/detail/my_custom_service_message__functions.c.o[0m
[1.623s] [ 22%] [32m[1mLinking C shared library libcustom_interfaces__rosidl_generator_c.so[0m
[1.652s] [ 22%] Built target custom_interfaces__rosidl_generator_c
[1.661s] [ 25%] [34m[1mGenerating C type support for eProsima Fast-RTPS[0m
[1.664s] [ 32%] [34m[1mGenerating C introspection for ROS interfaces[0m
[1.664s] [ 32%] [34m[1mGenerating C type support dispatch for ROS interfaces[0m
[1.882s] [ 35%] [32mBuilding CXX object CMakeFiles/custom_interfaces__rosidl_typesupport_fastrtps_cpp.dir/rosidl_typesupport_fastrtps_cpp/custom_interfaces/srv/detail/dds_fastrtps/my_custom_service_message__type_support.cpp.o[0m
[1.901s] [ 38%] [32mBuilding CXX object CMakeFiles/custom_interfaces__rosidl_typesupport_cpp.dir/rosidl_typesupport_cpp/custom_interfaces/srv/my_custom_service_message__type_support.cpp.o[0m
[1.962s] [ 41%] [32mBuilding CXX object CMakeFiles/custom_interfaces__rosidl_typesupport_introspection_cpp.dir/rosidl_typesupport_introspection_cpp/custom_interfaces/srv/detail/my_custom_service_message__type_support.cpp.o[0m
[1.966s] [ 45%] [32mBuilding CXX object CMakeFiles/custom_interfaces__rosidl_typesupport_c.dir/rosidl_typesupport_c/custom_interfaces/srv/my_custom_service_message__type_support.cpp.o[0m
[1.976s] [ 48%] [32mBuilding C object CMakeFiles/custom_interfaces__rosidl_typesupport_introspection_c.dir/rosidl_typesupport_introspection_c/custom_interfaces/srv/detail/my_custom_service_message__type_support.c.o[0m
[2.000s] [ 51%] [32m[1mLinking CXX shared library libcustom_interfaces__rosidl_typesupport_c.so[0m
[2.011s] [ 54%] [32m[1mLinking C shared library libcustom_interfaces__rosidl_typesupport_introspection_c.so[0m
[2.044s] [ 54%] Built target custom_interfaces__rosidl_typesupport_c
[2.048s] [ 54%] Built target custom_interfaces__rosidl_typesupport_introspection_c
[2.053s] [ 58%] [32mBuilding CXX object CMakeFiles/custom_interfaces__rosidl_typesupport_fastrtps_c.dir/rosidl_typesupport_fastrtps_c/custom_interfaces/srv/detail/my_custom_service_message__type_support_c.cpp.o[0m
[2.225s] [ 61%] [32m[1mLinking CXX shared library libcustom_interfaces__rosidl_typesupport_cpp.so[0m
[2.263s] [ 61%] Built target custom_interfaces__rosidl_typesupport_cpp
[2.306s] [ 64%] [32m[1mLinking CXX shared library libcustom_interfaces__rosidl_typesupport_introspection_cpp.so[0m
[2.352s] [ 67%] [32m[1mLinking CXX shared library libcustom_interfaces__rosidl_typesupport_fastrtps_c.so[0m
[2.354s] [ 70%] [32m[1mLinking CXX shared library libcustom_interfaces__rosidl_typesupport_fastrtps_cpp.so[0m
[2.360s] [ 70%] Built target custom_interfaces__rosidl_typesupport_introspection_cpp
[2.417s] [ 70%] Built target custom_interfaces__rosidl_typesupport_fastrtps_c
[2.422s] [ 70%] Built target custom_interfaces__rosidl_typesupport_fastrtps_cpp
[2.439s] [ 70%] Built target custom_interfaces
[2.455s] [ 74%] [34m[1mGenerating Python code for ROS interfaces[0m
[2.782s] [ 74%] Built target custom_interfaces__py
[2.798s] [ 77%] [32mBuilding C object CMakeFiles/custom_interfaces__rosidl_generator_py.dir/rosidl_generator_py/custom_interfaces/srv/_my_custom_service_message_s.c.o[0m
[2.906s] [ 80%] [32m[1mLinking C shared library rosidl_generator_py/custom_interfaces/libcustom_interfaces__rosidl_generator_py.so[0m
[2.936s] [ 80%] Built target custom_interfaces__rosidl_generator_py
[2.953s] [ 90%] [32mBuilding C object CMakeFiles/custom_interfaces__rosidl_typesupport_c__pyext.dir/rosidl_generator_py/custom_interfaces/_custom_interfaces_s.ep.rosidl_typesupport_c.c.o[0m
[2.953s] [ 90%] [32mBuilding C object CMakeFiles/custom_interfaces__rosidl_typesupport_fastrtps_c__pyext.dir/rosidl_generator_py/custom_interfaces/_custom_interfaces_s.ep.rosidl_typesupport_fastrtps_c.c.o[0m
[2.953s] [ 90%] [32mBuilding C object CMakeFiles/custom_interfaces__rosidl_typesupport_introspection_c__pyext.dir/rosidl_generator_py/custom_interfaces/_custom_interfaces_s.ep.rosidl_typesupport_introspection_c.c.o[0m
[3.026s] [ 96%] [32m[1mLinking C shared library rosidl_generator_py/custom_interfaces/custom_interfaces_s__rosidl_typesupport_introspection_c.cpython-310-x86_64-linux-gnu.so[0m
[3.027s] [ 96%] [32m[1mLinking C shared library rosidl_generator_py/custom_interfaces/custom_interfaces_s__rosidl_typesupport_c.cpython-310-x86_64-linux-gnu.so[0m
[3.032s] [100%] [32m[1mLinking C shared library rosidl_generator_py/custom_interfaces/custom_interfaces_s__rosidl_typesupport_fastrtps_c.cpython-310-x86_64-linux-gnu.so[0m
[3.052s] [100%] Built target custom_interfaces__rosidl_typesupport_c__pyext
[3.052s] [100%] Built target custom_interfaces__rosidl_typesupport_introspection_c__pyext
[3.059s] [100%] Built target custom_interfaces__rosidl_typesupport_fastrtps_c__pyext
[3.068s] Invoked command in '/home/leo/Examples_For_TFG/build/custom_interfaces' returned '0': CMAKE_PREFIX_PATH=${CMAKE_PREFIX_PATH}:/home/leo/ros2_ws/install/examples_pkg:/opt/ros/humble /usr/bin/cmake --build /home/leo/Examples_For_TFG/build/custom_interfaces -- -j8 -l8
[3.117s] Invoking command in '/home/leo/Examples_For_TFG/build/custom_interfaces': CMAKE_PREFIX_PATH=${CMAKE_PREFIX_PATH}:/home/leo/ros2_ws/install/examples_pkg:/opt/ros/humble /usr/bin/cmake --install /home/leo/Examples_For_TFG/build/custom_interfaces
[3.123s] -- Install configuration: ""
[3.123s] -- Installing: /home/leo/Examples_For_TFG/install/custom_interfaces/share/ament_index/resource_index/rosidl_interfaces/custom_interfaces
[3.123s] -- Installing: /home/leo/Examples_For_TFG/install/custom_interfaces/include/custom_interfaces/custom_interfaces
[3.123s] -- Installing: /home/leo/Examples_For_TFG/install/custom_interfaces/include/custom_interfaces/custom_interfaces/srv
[3.123s] -- Installing: /home/leo/Examples_For_TFG/install/custom_interfaces/include/custom_interfaces/custom_interfaces/srv/my_custom_service_message.h
[3.123s] -- Installing: /home/leo/Examples_For_TFG/install/custom_interfaces/include/custom_interfaces/custom_interfaces/srv/detail
[3.123s] -- Installing: /home/leo/Examples_For_TFG/install/custom_interfaces/include/custom_interfaces/custom_interfaces/srv/detail/my_custom_service_message__type_support.h
[3.123s] -- Installing: /home/leo/Examples_For_TFG/install/custom_interfaces/include/custom_interfaces/custom_interfaces/srv/detail/my_custom_service_message__functions.h
[3.123s] -- Installing: /home/leo/Examples_For_TFG/install/custom_interfaces/include/custom_interfaces/custom_interfaces/srv/detail/my_custom_service_message__functions.c
[3.123s] -- Installing: /home/leo/Examples_For_TFG/install/custom_interfaces/include/custom_interfaces/custom_interfaces/srv/detail/my_custom_service_message__struct.h
[3.123s] -- Installing: /home/leo/Examples_For_TFG/install/custom_interfaces/include/custom_interfaces/custom_interfaces/msg
[3.123s] -- Installing: /home/leo/Examples_For_TFG/install/custom_interfaces/include/custom_interfaces/custom_interfaces/msg/rosidl_generator_c__visibility_control.h
[3.123s] -- Installing: /home/leo/Examples_For_TFG/install/custom_interfaces/share/custom_interfaces/environment/library_path.sh
[3.123s] -- Installing: /home/leo/Examples_For_TFG/install/custom_interfaces/share/custom_interfaces/environment/library_path.dsv
[3.124s] -- Installing: /home/leo/Examples_For_TFG/install/custom_interfaces/lib/libcustom_interfaces__rosidl_generator_c.so
[3.124s] -- Set runtime path of "/home/leo/Examples_For_TFG/install/custom_interfaces/lib/libcustom_interfaces__rosidl_generator_c.so" to ""
[3.124s] -- Up-to-date: /home/leo/Examples_For_TFG/install/custom_interfaces/include/custom_interfaces/custom_interfaces
[3.124s] -- Up-to-date: /home/leo/Examples_For_TFG/install/custom_interfaces/include/custom_interfaces/custom_interfaces/srv
[3.124s] -- Up-to-date: /home/leo/Examples_For_TFG/install/custom_interfaces/include/custom_interfaces/custom_interfaces/srv/detail
[3.124s] -- Installing: /home/leo/Examples_For_TFG/install/custom_interfaces/include/custom_interfaces/custom_interfaces/srv/detail/my_custom_service_message__rosidl_typesupport_fastrtps_c.h
[3.124s] -- Up-to-date: /home/leo/Examples_For_TFG/install/custom_interfaces/include/custom_interfaces/custom_interfaces/msg
[3.124s] -- Installing: /home/leo/Examples_For_TFG/install/custom_interfaces/include/custom_interfaces/custom_interfaces/msg/rosidl_typesupport_fastrtps_c__visibility_control.h
[3.124s] -- Installing: /home/leo/Examples_For_TFG/install/custom_interfaces/lib/libcustom_interfaces__rosidl_typesupport_fastrtps_c.so
[3.124s] -- Set runtime path of "/home/leo/Examples_For_TFG/install/custom_interfaces/lib/libcustom_interfaces__rosidl_typesupport_fastrtps_c.so" to ""
[3.124s] -- Up-to-date: /home/leo/Examples_For_TFG/install/custom_interfaces/include/custom_interfaces/custom_interfaces
[3.124s] -- Up-to-date: /home/leo/Examples_For_TFG/install/custom_interfaces/include/custom_interfaces/custom_interfaces/srv
[3.124s] -- Up-to-date: /home/leo/Examples_For_TFG/install/custom_interfaces/include/custom_interfaces/custom_interfaces/srv/detail
[3.124s] -- Installing: /home/leo/Examples_For_TFG/install/custom_interfaces/include/custom_interfaces/custom_interfaces/srv/detail/my_custom_service_message__traits.hpp
[3.125s] -- Installing: /home/leo/Examples_For_TFG/install/custom_interfaces/include/custom_interfaces/custom_interfaces/srv/detail/my_custom_service_message__struct.hpp
[3.125s] -- Installing: /home/leo/Examples_For_TFG/install/custom_interfaces/include/custom_interfaces/custom_interfaces/srv/detail/my_custom_service_message__builder.hpp
[3.125s] -- Installing: /home/leo/Examples_For_TFG/install/custom_interfaces/include/custom_interfaces/custom_interfaces/srv/my_custom_service_message.hpp
[3.125s] -- Up-to-date: /home/leo/Examples_For_TFG/install/custom_interfaces/include/custom_interfaces/custom_interfaces
[3.125s] -- Up-to-date: /home/leo/Examples_For_TFG/install/custom_interfaces/include/custom_interfaces/custom_interfaces/srv
[3.125s] -- Up-to-date: /home/leo/Examples_For_TFG/install/custom_interfaces/include/custom_interfaces/custom_interfaces/srv/detail
[3.125s] -- Installing: /home/leo/Examples_For_TFG/install/custom_interfaces/include/custom_interfaces/custom_interfaces/srv/detail/my_custom_service_message__rosidl_typesupport_fastrtps_cpp.hpp
[3.125s] -- Installing: /home/leo/Examples_For_TFG/install/custom_interfaces/include/custom_interfaces/custom_interfaces/srv/detail/dds_fastrtps
[3.125s] -- Up-to-date: /home/leo/Examples_For_TFG/install/custom_interfaces/include/custom_interfaces/custom_interfaces/msg
[3.125s] -- Installing: /home/leo/Examples_For_TFG/install/custom_interfaces/include/custom_interfaces/custom_interfaces/msg/rosidl_typesupport_fastrtps_cpp__visibility_control.h
[3.125s] -- Installing: /home/leo/Examples_For_TFG/install/custom_interfaces/lib/libcustom_interfaces__rosidl_typesupport_fastrtps_cpp.so
[3.125s] -- Set runtime path of "/home/leo/Examples_For_TFG/install/custom_interfaces/lib/libcustom_interfaces__rosidl_typesupport_fastrtps_cpp.so" to ""
[3.125s] -- Up-to-date: /home/leo/Examples_For_TFG/install/custom_interfaces/include/custom_interfaces/custom_interfaces
[3.125s] -- Up-to-date: /home/leo/Examples_For_TFG/install/custom_interfaces/include/custom_interfaces/custom_interfaces/srv
[3.125s] -- Up-to-date: /home/leo/Examples_For_TFG/install/custom_interfaces/include/custom_interfaces/custom_interfaces/srv/detail
[3.126s] -- Installing: /home/leo/Examples_For_TFG/install/custom_interfaces/include/custom_interfaces/custom_interfaces/srv/detail/my_custom_service_message__type_support.c
[3.126s] -- Installing: /home/leo/Examples_For_TFG/install/custom_interfaces/include/custom_interfaces/custom_interfaces/srv/detail/my_custom_service_message__rosidl_typesupport_introspection_c.h
[3.126s] -- Up-to-date: /home/leo/Examples_For_TFG/install/custom_interfaces/include/custom_interfaces/custom_interfaces/msg
[3.126s] -- Installing: /home/leo/Examples_For_TFG/install/custom_interfaces/include/custom_interfaces/custom_interfaces/msg/rosidl_typesupport_introspection_c__visibility_control.h
[3.126s] -- Installing: /home/leo/Examples_For_TFG/install/custom_interfaces/lib/libcustom_interfaces__rosidl_typesupport_introspection_c.so
[3.126s] -- Set runtime path of "/home/leo/Examples_For_TFG/install/custom_interfaces/lib/libcustom_interfaces__rosidl_typesupport_introspection_c.so" to ""
[3.126s] -- Installing: /home/leo/Examples_For_TFG/install/custom_interfaces/lib/libcustom_interfaces__rosidl_typesupport_c.so
[3.126s] -- Set runtime path of "/home/leo/Examples_For_TFG/install/custom_interfaces/lib/libcustom_interfaces__rosidl_typesupport_c.so" to ""
[3.126s] -- Up-to-date: /home/leo/Examples_For_TFG/install/custom_interfaces/include/custom_interfaces/custom_interfaces
[3.126s] -- Up-to-date: /home/leo/Examples_For_TFG/install/custom_interfaces/include/custom_interfaces/custom_interfaces/srv
[3.126s] -- Up-to-date: /home/leo/Examples_For_TFG/install/custom_interfaces/include/custom_interfaces/custom_interfaces/srv/detail
[3.126s] -- Installing: /home/leo/Examples_For_TFG/install/custom_interfaces/include/custom_interfaces/custom_interfaces/srv/detail/my_custom_service_message__type_support.cpp
[3.126s] -- Installing: /home/leo/Examples_For_TFG/install/custom_interfaces/include/custom_interfaces/custom_interfaces/srv/detail/my_custom_service_message__rosidl_typesupport_introspection_cpp.hpp
[3.126s] -- Installing: /home/leo/Examples_For_TFG/install/custom_interfaces/lib/libcustom_interfaces__rosidl_typesupport_introspection_cpp.so
[3.126s] -- Set runtime path of "/home/leo/Examples_For_TFG/install/custom_interfaces/lib/libcustom_interfaces__rosidl_typesupport_introspection_cpp.so" to ""
[3.126s] -- Installing: /home/leo/Examples_For_TFG/install/custom_interfaces/lib/libcustom_interfaces__rosidl_typesupport_cpp.so
[3.127s] -- Set runtime path of "/home/leo/Examples_For_TFG/install/custom_interfaces/lib/libcustom_interfaces__rosidl_typesupport_cpp.so" to ""
[3.127s] -- Installing: /home/leo/Examples_For_TFG/install/custom_interfaces/share/custom_interfaces/environment/pythonpath.sh
[3.127s] -- Installing: /home/leo/Examples_For_TFG/install/custom_interfaces/share/custom_interfaces/environment/pythonpath.dsv
[3.127s] -- Installing: /home/leo/Examples_For_TFG/install/custom_interfaces/local/lib/python3.10/dist-packages/custom_interfaces-0.0.0-py3.10.egg-info
[3.127s] -- Installing: /home/leo/Examples_For_TFG/install/custom_interfaces/local/lib/python3.10/dist-packages/custom_interfaces-0.0.0-py3.10.egg-info/SOURCES.txt
[3.127s] -- Installing: /home/leo/Examples_For_TFG/install/custom_interfaces/local/lib/python3.10/dist-packages/custom_interfaces-0.0.0-py3.10.egg-info/top_level.txt
[3.127s] -- Installing: /home/leo/Examples_For_TFG/install/custom_interfaces/local/lib/python3.10/dist-packages/custom_interfaces-0.0.0-py3.10.egg-info/dependency_links.txt
[3.127s] -- Installing: /home/leo/Examples_For_TFG/install/custom_interfaces/local/lib/python3.10/dist-packages/custom_interfaces-0.0.0-py3.10.egg-info/PKG-INFO
[3.127s] -- Installing: /home/leo/Examples_For_TFG/install/custom_interfaces/local/lib/python3.10/dist-packages/custom_interfaces
[3.127s] -- Installing: /home/leo/Examples_For_TFG/install/custom_interfaces/local/lib/python3.10/dist-packages/custom_interfaces/custom_interfaces_s__rosidl_typesupport_fastrtps_c.cpython-310-x86_64-linux-gnu.so
[3.127s] -- Installing: /home/leo/Examples_For_TFG/install/custom_interfaces/local/lib/python3.10/dist-packages/custom_interfaces/srv
[3.127s] -- Installing: /home/leo/Examples_For_TFG/install/custom_interfaces/local/lib/python3.10/dist-packages/custom_interfaces/srv/_my_custom_service_message.py
[3.127s] -- Installing: /home/leo/Examples_For_TFG/install/custom_interfaces/local/lib/python3.10/dist-packages/custom_interfaces/srv/_my_custom_service_message_s.c
[3.127s] -- Installing: /home/leo/Examples_For_TFG/install/custom_interfaces/local/lib/python3.10/dist-packages/custom_interfaces/srv/__init__.py
[3.127s] -- Installing: /home/leo/Examples_For_TFG/install/custom_interfaces/local/lib/python3.10/dist-packages/custom_interfaces/_custom_interfaces_s.ep.rosidl_typesupport_fastrtps_c.c
[3.127s] -- Installing: /home/leo/Examples_For_TFG/install/custom_interfaces/local/lib/python3.10/dist-packages/custom_interfaces/_custom_interfaces_s.ep.rosidl_typesupport_introspection_c.c
[3.127s] -- Installing: /home/leo/Examples_For_TFG/install/custom_interfaces/local/lib/python3.10/dist-packages/custom_interfaces/custom_interfaces_s__rosidl_typesupport_introspection_c.cpython-310-x86_64-linux-gnu.so
[3.127s] -- Installing: /home/leo/Examples_For_TFG/install/custom_interfaces/local/lib/python3.10/dist-packages/custom_interfaces/custom_interfaces_s__rosidl_typesupport_c.cpython-310-x86_64-linux-gnu.so
[3.127s] -- Installing: /home/leo/Examples_For_TFG/install/custom_interfaces/local/lib/python3.10/dist-packages/custom_interfaces/libcustom_interfaces__rosidl_generator_py.so
[3.128s] -- Installing: /home/leo/Examples_For_TFG/install/custom_interfaces/local/lib/python3.10/dist-packages/custom_interfaces/__init__.py
[3.128s] -- Installing: /home/leo/Examples_For_TFG/install/custom_interfaces/local/lib/python3.10/dist-packages/custom_interfaces/_custom_interfaces_s.ep.rosidl_typesupport_c.c
[3.156s] Listing '/home/leo/Examples_For_TFG/install/custom_interfaces/local/lib/python3.10/dist-packages/custom_interfaces'...
[3.156s] Compiling '/home/leo/Examples_For_TFG/install/custom_interfaces/local/lib/python3.10/dist-packages/custom_interfaces/__init__.py'...
[3.156s] Listing '/home/leo/Examples_For_TFG/install/custom_interfaces/local/lib/python3.10/dist-packages/custom_interfaces/srv'...
[3.156s] Compiling '/home/leo/Examples_For_TFG/install/custom_interfaces/local/lib/python3.10/dist-packages/custom_interfaces/srv/__init__.py'...
[3.156s] Compiling '/home/leo/Examples_For_TFG/install/custom_interfaces/local/lib/python3.10/dist-packages/custom_interfaces/srv/_my_custom_service_message.py'...
[3.160s] -- Installing: /home/leo/Examples_For_TFG/install/custom_interfaces/local/lib/python3.10/dist-packages/custom_interfaces/custom_interfaces_s__rosidl_typesupport_fastrtps_c.cpython-310-x86_64-linux-gnu.so
[3.160s] -- Set runtime path of "/home/leo/Examples_For_TFG/install/custom_interfaces/local/lib/python3.10/dist-packages/custom_interfaces/custom_interfaces_s__rosidl_typesupport_fastrtps_c.cpython-310-x86_64-linux-gnu.so" to ""
[3.161s] -- Installing: /home/leo/Examples_For_TFG/install/custom_interfaces/local/lib/python3.10/dist-packages/custom_interfaces/custom_interfaces_s__rosidl_typesupport_introspection_c.cpython-310-x86_64-linux-gnu.so
[3.161s] -- Set runtime path of "/home/leo/Examples_For_TFG/install/custom_interfaces/local/lib/python3.10/dist-packages/custom_interfaces/custom_interfaces_s__rosidl_typesupport_introspection_c.cpython-310-x86_64-linux-gnu.so" to ""
[3.161s] -- Installing: /home/leo/Examples_For_TFG/install/custom_interfaces/local/lib/python3.10/dist-packages/custom_interfaces/custom_interfaces_s__rosidl_typesupport_c.cpython-310-x86_64-linux-gnu.so
[3.161s] -- Set runtime path of "/home/leo/Examples_For_TFG/install/custom_interfaces/local/lib/python3.10/dist-packages/custom_interfaces/custom_interfaces_s__rosidl_typesupport_c.cpython-310-x86_64-linux-gnu.so" to ""
[3.161s] -- Installing: /home/leo/Examples_For_TFG/install/custom_interfaces/lib/libcustom_interfaces__rosidl_generator_py.so
[3.161s] -- Set runtime path of "/home/leo/Examples_For_TFG/install/custom_interfaces/lib/libcustom_interfaces__rosidl_generator_py.so" to ""
[3.161s] -- Installing: /home/leo/Examples_For_TFG/install/custom_interfaces/share/custom_interfaces/srv/MyCustomServiceMessage.idl
[3.161s] -- Installing: /home/leo/Examples_For_TFG/install/custom_interfaces/share/custom_interfaces/srv/MyCustomServiceMessage.srv
[3.162s] -- Installing: /home/leo/Examples_For_TFG/install/custom_interfaces/share/custom_interfaces/srv/MyCustomServiceMessage_Request.msg
[3.162s] -- Installing: /home/leo/Examples_For_TFG/install/custom_interfaces/share/custom_interfaces/srv/MyCustomServiceMessage_Response.msg
[3.162s] -- Installing: /home/leo/Examples_For_TFG/install/custom_interfaces/share/ament_index/resource_index/package_run_dependencies/custom_interfaces
[3.162s] -- Installing: /home/leo/Examples_For_TFG/install/custom_interfaces/share/ament_index/resource_index/parent_prefix_path/custom_interfaces
[3.162s] -- Installing: /home/leo/Examples_For_TFG/install/custom_interfaces/share/custom_interfaces/environment/ament_prefix_path.sh
[3.162s] -- Installing: /home/leo/Examples_For_TFG/install/custom_interfaces/share/custom_interfaces/environment/ament_prefix_path.dsv
[3.162s] -- Installing: /home/leo/Examples_For_TFG/install/custom_interfaces/share/custom_interfaces/environment/path.sh
[3.162s] -- Installing: /home/leo/Examples_For_TFG/install/custom_interfaces/share/custom_interfaces/environment/path.dsv
[3.162s] -- Installing: /home/leo/Examples_For_TFG/install/custom_interfaces/share/custom_interfaces/local_setup.bash
[3.162s] -- Installing: /home/leo/Examples_For_TFG/install/custom_interfaces/share/custom_interfaces/local_setup.sh
[3.162s] -- Installing: /home/leo/Examples_For_TFG/install/custom_interfaces/share/custom_interfaces/local_setup.zsh
[3.162s] -- Installing: /home/leo/Examples_For_TFG/install/custom_interfaces/share/custom_interfaces/local_setup.dsv
[3.162s] -- Installing: /home/leo/Examples_For_TFG/install/custom_interfaces/share/custom_interfaces/package.dsv
[3.163s] -- Installing: /home/leo/Examples_For_TFG/install/custom_interfaces/share/ament_index/resource_index/packages/custom_interfaces
[3.163s] -- Installing: /home/leo/Examples_For_TFG/install/custom_interfaces/share/custom_interfaces/cmake/export_custom_interfaces__rosidl_generator_cExport.cmake
[3.163s] -- Installing: /home/leo/Examples_For_TFG/install/custom_interfaces/share/custom_interfaces/cmake/export_custom_interfaces__rosidl_generator_cExport-noconfig.cmake
[3.163s] -- Installing: /home/leo/Examples_For_TFG/install/custom_interfaces/share/custom_interfaces/cmake/export_custom_interfaces__rosidl_typesupport_fastrtps_cExport.cmake
[3.163s] -- Installing: /home/leo/Examples_For_TFG/install/custom_interfaces/share/custom_interfaces/cmake/export_custom_interfaces__rosidl_typesupport_fastrtps_cExport-noconfig.cmake
[3.163s] -- Installing: /home/leo/Examples_For_TFG/install/custom_interfaces/share/custom_interfaces/cmake/export_custom_interfaces__rosidl_generator_cppExport.cmake
[3.163s] -- Installing: /home/leo/Examples_For_TFG/install/custom_interfaces/share/custom_interfaces/cmake/export_custom_interfaces__rosidl_typesupport_fastrtps_cppExport.cmake
[3.163s] -- Installing: /home/leo/Examples_For_TFG/install/custom_interfaces/share/custom_interfaces/cmake/export_custom_interfaces__rosidl_typesupport_fastrtps_cppExport-noconfig.cmake
[3.163s] -- Installing: /home/leo/Examples_For_TFG/install/custom_interfaces/share/custom_interfaces/cmake/custom_interfaces__rosidl_typesupport_introspection_cExport.cmake
[3.164s] -- Installing: /home/leo/Examples_For_TFG/install/custom_interfaces/share/custom_interfaces/cmake/custom_interfaces__rosidl_typesupport_introspection_cExport-noconfig.cmake
[3.164s] -- Installing: /home/leo/Examples_For_TFG/install/custom_interfaces/share/custom_interfaces/cmake/custom_interfaces__rosidl_typesupport_cExport.cmake
[3.164s] -- Installing: /home/leo/Examples_For_TFG/install/custom_interfaces/share/custom_interfaces/cmake/custom_interfaces__rosidl_typesupport_cExport-noconfig.cmake
[3.164s] -- Installing: /home/leo/Examples_For_TFG/install/custom_interfaces/share/custom_interfaces/cmake/custom_interfaces__rosidl_typesupport_introspection_cppExport.cmake
[3.164s] -- Installing: /home/leo/Examples_For_TFG/install/custom_interfaces/share/custom_interfaces/cmake/custom_interfaces__rosidl_typesupport_introspection_cppExport-noconfig.cmake
[3.164s] -- Installing: /home/leo/Examples_For_TFG/install/custom_interfaces/share/custom_interfaces/cmake/custom_interfaces__rosidl_typesupport_cppExport.cmake
[3.164s] -- Installing: /home/leo/Examples_For_TFG/install/custom_interfaces/share/custom_interfaces/cmake/custom_interfaces__rosidl_typesupport_cppExport-noconfig.cmake
[3.164s] -- Installing: /home/leo/Examples_For_TFG/install/custom_interfaces/share/custom_interfaces/cmake/export_custom_interfaces__rosidl_generator_pyExport.cmake
[3.164s] -- Installing: /home/leo/Examples_For_TFG/install/custom_interfaces/share/custom_interfaces/cmake/export_custom_interfaces__rosidl_generator_pyExport-noconfig.cmake
[3.164s] -- Installing: /home/leo/Examples_For_TFG/install/custom_interfaces/share/custom_interfaces/cmake/rosidl_cmake-extras.cmake
[3.164s] -- Installing: /home/leo/Examples_For_TFG/install/custom_interfaces/share/custom_interfaces/cmake/ament_cmake_export_include_directories-extras.cmake
[3.164s] -- Installing: /home/leo/Examples_For_TFG/install/custom_interfaces/share/custom_interfaces/cmake/ament_cmake_export_libraries-extras.cmake
[3.164s] -- Installing: /home/leo/Examples_For_TFG/install/custom_interfaces/share/custom_interfaces/cmake/ament_cmake_export_targets-extras.cmake
[3.164s] -- Installing: /home/leo/Examples_For_TFG/install/custom_interfaces/share/custom_interfaces/cmake/rosidl_cmake_export_typesupport_targets-extras.cmake
[3.165s] -- Installing: /home/leo/Examples_For_TFG/install/custom_interfaces/share/custom_interfaces/cmake/ament_cmake_export_dependencies-extras.cmake
[3.165s] -- Installing: /home/leo/Examples_For_TFG/install/custom_interfaces/share/custom_interfaces/cmake/rosidl_cmake_export_typesupport_libraries-extras.cmake
[3.165s] -- Installing: /home/leo/Examples_For_TFG/install/custom_interfaces/share/custom_interfaces/cmake/custom_interfacesConfig.cmake
[3.165s] -- Installing: /home/leo/Examples_For_TFG/install/custom_interfaces/share/custom_interfaces/cmake/custom_interfacesConfig-version.cmake
[3.165s] -- Installing: /home/leo/Examples_For_TFG/install/custom_interfaces/share/custom_interfaces/package.xml
[3.168s] Invoked command in '/home/leo/Examples_For_TFG/build/custom_interfaces' returned '0': CMAKE_PREFIX_PATH=${CMAKE_PREFIX_PATH}:/home/leo/ros2_ws/install/examples_pkg:/opt/ros/humble /usr/bin/cmake --install /home/leo/Examples_For_TFG/build/custom_interfaces
