running egg_info
creating ../../../build/examples_pkg/examples_pkg.egg-info
writing ../../../build/examples_pkg/examples_pkg.egg-info/PKG-INFO
writing dependency_links to ../../../build/examples_pkg/examples_pkg.egg-info/dependency_links.txt
writing entry points to ../../../build/examples_pkg/examples_pkg.egg-info/entry_points.txt
writing requirements to ../../../build/examples_pkg/examples_pkg.egg-info/requires.txt
writing top-level names to ../../../build/examples_pkg/examples_pkg.egg-info/top_level.txt
writing manifest file '../../../build/examples_pkg/examples_pkg.egg-info/SOURCES.txt'
reading manifest file '../../../build/examples_pkg/examples_pkg.egg-info/SOURCES.txt'
writing manifest file '../../../build/examples_pkg/examples_pkg.egg-info/SOURCES.txt'
running build
running build_py
creating /home/leo/Examples_For_TFG/build/examples_pkg/build
creating /home/leo/Examples_For_TFG/build/examples_pkg/build/lib
creating /home/leo/Examples_For_TFG/build/examples_pkg/build/lib/examples_pkg
copying examples_pkg/__init__.py -> /home/leo/Examples_For_TFG/build/examples_pkg/build/lib/examples_pkg
running install
running install_lib
creating /home/leo/Examples_For_TFG/install/examples_pkg/lib/python3.10/site-packages/examples_pkg
copying /home/leo/Examples_For_TFG/build/examples_pkg/build/lib/examples_pkg/__init__.py -> /home/leo/Examples_For_TFG/install/examples_pkg/lib/python3.10/site-packages/examples_pkg
byte-compiling /home/leo/Examples_For_TFG/install/examples_pkg/lib/python3.10/site-packages/examples_pkg/__init__.py to __init__.cpython-310.pyc
running install_data
creating /home/leo/Examples_For_TFG/install/examples_pkg/share/ament_index
creating /home/leo/Examples_For_TFG/install/examples_pkg/share/ament_index/resource_index
creating /home/leo/Examples_For_TFG/install/examples_pkg/share/ament_index/resource_index/packages
copying resource/examples_pkg -> /home/leo/Examples_For_TFG/install/examples_pkg/share/ament_index/resource_index/packages
copying package.xml -> /home/leo/Examples_For_TFG/install/examples_pkg/share/examples_pkg
running install_egg_info
Copying ../../../build/examples_pkg/examples_pkg.egg-info to /home/leo/Examples_For_TFG/install/examples_pkg/lib/python3.10/site-packages/examples_pkg-0.0.0-py3.10.egg-info
running install_scripts
writing list of installed files to '/home/leo/Examples_For_TFG/build/examples_pkg/install.log'
