[0.815s] Invoking command in '/home/leo/Examples_For_TFG/ros2_ws/src/examples_pkg': PYTHONPATH=/home/leo/Examples_For_TFG/build/examples_pkg/prefix_override:/home/leo/Examples_For_TFG/install/examples_pkg/lib/python3.10/site-packages:${PYTHONPATH} /usr/bin/python3 setup.py egg_info --egg-base ../../../build/examples_pkg build --build-base /home/leo/Examples_For_TFG/build/examples_pkg/build install --record /home/leo/Examples_For_TFG/build/examples_pkg/install.log --single-version-externally-managed
[1.017s] running egg_info
[1.017s] creating ../../../build/examples_pkg/examples_pkg.egg-info
[1.017s] writing ../../../build/examples_pkg/examples_pkg.egg-info/PKG-INFO
[1.018s] writing dependency_links to ../../../build/examples_pkg/examples_pkg.egg-info/dependency_links.txt
[1.018s] writing entry points to ../../../build/examples_pkg/examples_pkg.egg-info/entry_points.txt
[1.018s] writing requirements to ../../../build/examples_pkg/examples_pkg.egg-info/requires.txt
[1.018s] writing top-level names to ../../../build/examples_pkg/examples_pkg.egg-info/top_level.txt
[1.018s] writing manifest file '../../../build/examples_pkg/examples_pkg.egg-info/SOURCES.txt'
[1.020s] reading manifest file '../../../build/examples_pkg/examples_pkg.egg-info/SOURCES.txt'
[1.020s] writing manifest file '../../../build/examples_pkg/examples_pkg.egg-info/SOURCES.txt'
[1.021s] running build
[1.021s] running build_py
[1.021s] creating /home/leo/Examples_For_TFG/build/examples_pkg/build
[1.021s] creating /home/leo/Examples_For_TFG/build/examples_pkg/build/lib
[1.021s] creating /home/leo/Examples_For_TFG/build/examples_pkg/build/lib/examples_pkg
[1.021s] copying examples_pkg/__init__.py -> /home/leo/Examples_For_TFG/build/examples_pkg/build/lib/examples_pkg
[1.021s] running install
[1.022s] /usr/lib/python3/dist-packages/setuptools/command/install.py:34: SetuptoolsDeprecationWarning: setup.py install is deprecated. Use build and pip and other standards-based tools.
[1.022s]   warnings.warn(
[1.022s] running install_lib
[1.023s] creating /home/leo/Examples_For_TFG/install/examples_pkg/lib/python3.10/site-packages/examples_pkg
[1.023s] copying /home/leo/Examples_For_TFG/build/examples_pkg/build/lib/examples_pkg/__init__.py -> /home/leo/Examples_For_TFG/install/examples_pkg/lib/python3.10/site-packages/examples_pkg
[1.023s] byte-compiling /home/leo/Examples_For_TFG/install/examples_pkg/lib/python3.10/site-packages/examples_pkg/__init__.py to __init__.cpython-310.pyc
[1.023s] running install_data
[1.024s] creating /home/leo/Examples_For_TFG/install/examples_pkg/share/ament_index
[1.024s] creating /home/leo/Examples_For_TFG/install/examples_pkg/share/ament_index/resource_index
[1.024s] creating /home/leo/Examples_For_TFG/install/examples_pkg/share/ament_index/resource_index/packages
[1.024s] copying resource/examples_pkg -> /home/leo/Examples_For_TFG/install/examples_pkg/share/ament_index/resource_index/packages
[1.024s] copying package.xml -> /home/leo/Examples_For_TFG/install/examples_pkg/share/examples_pkg
[1.024s] running install_egg_info
[1.027s] Copying ../../../build/examples_pkg/examples_pkg.egg-info to /home/leo/Examples_For_TFG/install/examples_pkg/lib/python3.10/site-packages/examples_pkg-0.0.0-py3.10.egg-info
[1.027s] running install_scripts
[1.047s] writing list of installed files to '/home/leo/Examples_For_TFG/build/examples_pkg/install.log'
[1.074s] Invoked command in '/home/leo/Examples_For_TFG/ros2_ws/src/examples_pkg' returned '0': PYTHONPATH=/home/leo/Examples_For_TFG/build/examples_pkg/prefix_override:/home/leo/Examples_For_TFG/install/examples_pkg/lib/python3.10/site-packages:${PYTHONPATH} /usr/bin/python3 setup.py egg_info --egg-base ../../../build/examples_pkg build --build-base /home/leo/Examples_For_TFG/build/examples_pkg/build install --record /home/leo/Examples_For_TFG/build/examples_pkg/install.log --single-version-externally-managed
