running egg_info
creating ../../../build/movement_pkg/movement_pkg.egg-info
writing ../../../build/movement_pkg/movement_pkg.egg-info/PKG-INFO
writing dependency_links to ../../../build/movement_pkg/movement_pkg.egg-info/dependency_links.txt
writing entry points to ../../../build/movement_pkg/movement_pkg.egg-info/entry_points.txt
writing requirements to ../../../build/movement_pkg/movement_pkg.egg-info/requires.txt
writing top-level names to ../../../build/movement_pkg/movement_pkg.egg-info/top_level.txt
writing manifest file '../../../build/movement_pkg/movement_pkg.egg-info/SOURCES.txt'
reading manifest file '../../../build/movement_pkg/movement_pkg.egg-info/SOURCES.txt'
writing manifest file '../../../build/movement_pkg/movement_pkg.egg-info/SOURCES.txt'
running build
running build_py
creating /home/leo/Examples_For_TFG/build/movement_pkg/build
creating /home/leo/Examples_For_TFG/build/movement_pkg/build/lib
creating /home/leo/Examples_For_TFG/build/movement_pkg/build/lib/movement_pkg
copying movement_pkg/__init__.py -> /home/leo/Examples_For_TFG/build/movement_pkg/build/lib/movement_pkg
running install
/usr/lib/python3/dist-packages/setuptools/command/install.py:34: SetuptoolsDeprecationWarning: setup.py install is deprecated. Use build and pip and other standards-based tools.
  warnings.warn(
running install_lib
creating /home/leo/Examples_For_TFG/install/movement_pkg/lib/python3.10/site-packages/movement_pkg
copying /home/leo/Examples_For_TFG/build/movement_pkg/build/lib/movement_pkg/__init__.py -> /home/leo/Examples_For_TFG/install/movement_pkg/lib/python3.10/site-packages/movement_pkg
byte-compiling /home/leo/Examples_For_TFG/install/movement_pkg/lib/python3.10/site-packages/movement_pkg/__init__.py to __init__.cpython-310.pyc
running install_data
creating /home/leo/Examples_For_TFG/install/movement_pkg/share/ament_index
creating /home/leo/Examples_For_TFG/install/movement_pkg/share/ament_index/resource_index
creating /home/leo/Examples_For_TFG/install/movement_pkg/share/ament_index/resource_index/packages
copying resource/movement_pkg -> /home/leo/Examples_For_TFG/install/movement_pkg/share/ament_index/resource_index/packages
copying package.xml -> /home/leo/Examples_For_TFG/install/movement_pkg/share/movement_pkg
running install_egg_info
Copying ../../../build/movement_pkg/movement_pkg.egg-info to /home/leo/Examples_For_TFG/install/movement_pkg/lib/python3.10/site-packages/movement_pkg-0.0.0-py3.10.egg-info
running install_scripts
writing list of installed files to '/home/leo/Examples_For_TFG/build/movement_pkg/install.log'
