[1.468s] Invoking command in '/home/leo/Examples_For_TFG/ros2_ws/src/examples_pkg': PYTHONPATH=/home/leo/Examples_For_TFG/build/examples_pkg/prefix_override:/home/leo/Examples_For_TFG/install/examples_pkg/lib/python3.10/site-packages:${PYTHONPATH} /usr/bin/python3 setup.py egg_info --egg-base ../../../build/examples_pkg build --build-base /home/leo/Examples_For_TFG/build/examples_pkg/build install --record /home/leo/Examples_For_TFG/build/examples_pkg/install.log --single-version-externally-managed
[1.895s] running egg_info
[1.896s] writing ../../../build/examples_pkg/examples_pkg.egg-info/PKG-INFO
[1.896s] writing dependency_links to ../../../build/examples_pkg/examples_pkg.egg-info/dependency_links.txt
[1.897s] writing entry points to ../../../build/examples_pkg/examples_pkg.egg-info/entry_points.txt
[1.897s] writing requirements to ../../../build/examples_pkg/examples_pkg.egg-info/requires.txt
[1.897s] writing top-level names to ../../../build/examples_pkg/examples_pkg.egg-info/top_level.txt
[1.900s] reading manifest file '../../../build/examples_pkg/examples_pkg.egg-info/SOURCES.txt'
[1.902s] writing manifest file '../../../build/examples_pkg/examples_pkg.egg-info/SOURCES.txt'
[1.902s] running build
[1.902s] running build_py
[1.903s] running install
[1.903s] /usr/lib/python3/dist-packages/setuptools/command/install.py:34: SetuptoolsDeprecationWarning: setup.py install is deprecated. Use build and pip and other standards-based tools.
[1.903s]   warnings.warn(
[1.903s] running install_lib
[1.905s] running install_data
[1.906s] running install_egg_info
[1.910s] removing '/home/leo/Examples_For_TFG/install/examples_pkg/lib/python3.10/site-packages/examples_pkg-0.0.0-py3.10.egg-info' (and everything under it)
[1.911s] Copying ../../../build/examples_pkg/examples_pkg.egg-info to /home/leo/Examples_For_TFG/install/examples_pkg/lib/python3.10/site-packages/examples_pkg-0.0.0-py3.10.egg-info
[1.912s] running install_scripts
[1.946s] writing list of installed files to '/home/leo/Examples_For_TFG/build/examples_pkg/install.log'
[1.990s] Invoked command in '/home/leo/Examples_For_TFG/ros2_ws/src/examples_pkg' returned '0': PYTHONPATH=/home/leo/Examples_For_TFG/build/examples_pkg/prefix_override:/home/leo/Examples_For_TFG/install/examples_pkg/lib/python3.10/site-packages:${PYTHONPATH} /usr/bin/python3 setup.py egg_info --egg-base ../../../build/examples_pkg build --build-base /home/leo/Examples_For_TFG/build/examples_pkg/build install --record /home/leo/Examples_For_TFG/build/examples_pkg/install.log --single-version-externally-managed
