[0.797s] Invoking command in '/home/leo/Examples_For_TFG/ros2_ws/src/movement_pkg': PYTHONPATH=/home/leo/Examples_For_TFG/build/movement_pkg/prefix_override:/home/leo/Examples_For_TFG/install/movement_pkg/lib/python3.10/site-packages:${PYTHONPATH} /usr/bin/python3 setup.py egg_info --egg-base ../../../build/movement_pkg build --build-base /home/leo/Examples_For_TFG/build/movement_pkg/build install --record /home/leo/Examples_For_TFG/build/movement_pkg/install.log --single-version-externally-managed
[1.074s] running egg_info
[1.075s] writing ../../../build/movement_pkg/movement_pkg.egg-info/PKG-INFO
[1.075s] writing dependency_links to ../../../build/movement_pkg/movement_pkg.egg-info/dependency_links.txt
[1.076s] writing entry points to ../../../build/movement_pkg/movement_pkg.egg-info/entry_points.txt
[1.076s] writing requirements to ../../../build/movement_pkg/movement_pkg.egg-info/requires.txt
[1.076s] writing top-level names to ../../../build/movement_pkg/movement_pkg.egg-info/top_level.txt
[1.078s] reading manifest file '../../../build/movement_pkg/movement_pkg.egg-info/SOURCES.txt'
[1.079s] writing manifest file '../../../build/movement_pkg/movement_pkg.egg-info/SOURCES.txt'
[1.080s] running build
[1.080s] running build_py
[1.080s] running install
[1.081s] /usr/lib/python3/dist-packages/setuptools/command/install.py:34: SetuptoolsDeprecationWarning: setup.py install is deprecated. Use build and pip and other standards-based tools.
[1.081s]   warnings.warn(
[1.081s] running install_lib
[1.083s] running install_data
[1.083s] running install_egg_info
[1.086s] removing '/home/leo/Examples_For_TFG/install/movement_pkg/lib/python3.10/site-packages/movement_pkg-0.0.0-py3.10.egg-info' (and everything under it)
[1.086s] Copying ../../../build/movement_pkg/movement_pkg.egg-info to /home/leo/Examples_For_TFG/install/movement_pkg/lib/python3.10/site-packages/movement_pkg-0.0.0-py3.10.egg-info
[1.087s] running install_scripts
[1.112s] Installing movement_client script to /home/leo/Examples_For_TFG/install/movement_pkg/lib/movement_pkg
[1.113s] Installing movement_server script to /home/leo/Examples_For_TFG/install/movement_pkg/lib/movement_pkg
[1.113s] writing list of installed files to '/home/leo/Examples_For_TFG/build/movement_pkg/install.log'
[1.147s] Invoked command in '/home/leo/Examples_For_TFG/ros2_ws/src/movement_pkg' returned '0': PYTHONPATH=/home/leo/Examples_For_TFG/build/movement_pkg/prefix_override:/home/leo/Examples_For_TFG/install/movement_pkg/lib/python3.10/site-packages:${PYTHONPATH} /usr/bin/python3 setup.py egg_info --egg-base ../../../build/movement_pkg build --build-base /home/leo/Examples_For_TFG/build/movement_pkg/build install --record /home/leo/Examples_For_TFG/build/movement_pkg/install.log --single-version-externally-managed
