running egg_info
writing ../../../build/movement_pkg/movement_pkg.egg-info/PKG-INFO
writing dependency_links to ../../../build/movement_pkg/movement_pkg.egg-info/dependency_links.txt
writing entry points to ../../../build/movement_pkg/movement_pkg.egg-info/entry_points.txt
writing requirements to ../../../build/movement_pkg/movement_pkg.egg-info/requires.txt
writing top-level names to ../../../build/movement_pkg/movement_pkg.egg-info/top_level.txt
reading manifest file '../../../build/movement_pkg/movement_pkg.egg-info/SOURCES.txt'
writing manifest file '../../../build/movement_pkg/movement_pkg.egg-info/SOURCES.txt'
running build
running build_py
copying movement_pkg/movement_client.py -> /home/leo/Examples_For_TFG/build/movement_pkg/build/lib/movement_pkg
copying movement_pkg/movement_server.py -> /home/leo/Examples_For_TFG/build/movement_pkg/build/lib/movement_pkg
running install
/usr/lib/python3/dist-packages/setuptools/command/install.py:34: SetuptoolsDeprecationWarning: setup.py install is deprecated. Use build and pip and other standards-based tools.
  warnings.warn(
running install_lib
copying /home/leo/Examples_For_TFG/build/movement_pkg/build/lib/movement_pkg/movement_client.py -> /home/leo/Examples_For_TFG/install/movement_pkg/lib/python3.10/site-packages/movement_pkg
copying /home/leo/Examples_For_TFG/build/movement_pkg/build/lib/movement_pkg/movement_server.py -> /home/leo/Examples_For_TFG/install/movement_pkg/lib/python3.10/site-packages/movement_pkg
byte-compiling /home/leo/Examples_For_TFG/install/movement_pkg/lib/python3.10/site-packages/movement_pkg/movement_client.py to movement_client.cpython-310.pyc
byte-compiling /home/leo/Examples_For_TFG/install/movement_pkg/lib/python3.10/site-packages/movement_pkg/movement_server.py to movement_server.cpython-310.pyc
running install_data
copying launch/movement_server_launch_file.launch.py -> /home/leo/Examples_For_TFG/install/movement_pkg/share/movement_pkg
running install_egg_info
removing '/home/leo/Examples_For_TFG/install/movement_pkg/lib/python3.10/site-packages/movement_pkg-0.0.0-py3.10.egg-info' (and everything under it)
Copying ../../../build/movement_pkg/movement_pkg.egg-info to /home/leo/Examples_For_TFG/install/movement_pkg/lib/python3.10/site-packages/movement_pkg-0.0.0-py3.10.egg-info
running install_scripts
Installing movement_client script to /home/leo/Examples_For_TFG/install/movement_pkg/lib/movement_pkg
Installing movement_server script to /home/leo/Examples_For_TFG/install/movement_pkg/lib/movement_pkg
writing list of installed files to '/home/leo/Examples_For_TFG/build/movement_pkg/install.log'
