[0.796s] Invoking command in '/home/leo/Examples_For_TFG/ros2_ws/src/movement_pkg': PYTHONPATH=/home/leo/Examples_For_TFG/build/movement_pkg/prefix_override:/home/leo/Examples_For_TFG/install/movement_pkg/lib/python3.10/site-packages:${PYTHONPATH} /usr/bin/python3 setup.py egg_info --egg-base ../../../build/movement_pkg build --build-base /home/leo/Examples_For_TFG/build/movement_pkg/build install --record /home/leo/Examples_For_TFG/build/movement_pkg/install.log --single-version-externally-managed
[1.106s] running egg_info
[1.107s] writing ../../../build/movement_pkg/movement_pkg.egg-info/PKG-INFO
[1.108s] writing dependency_links to ../../../build/movement_pkg/movement_pkg.egg-info/dependency_links.txt
[1.108s] writing entry points to ../../../build/movement_pkg/movement_pkg.egg-info/entry_points.txt
[1.108s] writing requirements to ../../../build/movement_pkg/movement_pkg.egg-info/requires.txt
[1.108s] writing top-level names to ../../../build/movement_pkg/movement_pkg.egg-info/top_level.txt
[1.111s] reading manifest file '../../../build/movement_pkg/movement_pkg.egg-info/SOURCES.txt'
[1.112s] writing manifest file '../../../build/movement_pkg/movement_pkg.egg-info/SOURCES.txt'
[1.112s] running build
[1.112s] running build_py
[1.112s] copying movement_pkg/movement_client.py -> /home/leo/Examples_For_TFG/build/movement_pkg/build/lib/movement_pkg
[1.112s] copying movement_pkg/movement_server.py -> /home/leo/Examples_For_TFG/build/movement_pkg/build/lib/movement_pkg
[1.113s] running install
[1.113s] /usr/lib/python3/dist-packages/setuptools/command/install.py:34: SetuptoolsDeprecationWarning: setup.py install is deprecated. Use build and pip and other standards-based tools.
[1.113s]   warnings.warn(
[1.113s] running install_lib
[1.114s] copying /home/leo/Examples_For_TFG/build/movement_pkg/build/lib/movement_pkg/movement_client.py -> /home/leo/Examples_For_TFG/install/movement_pkg/lib/python3.10/site-packages/movement_pkg
[1.115s] copying /home/leo/Examples_For_TFG/build/movement_pkg/build/lib/movement_pkg/movement_server.py -> /home/leo/Examples_For_TFG/install/movement_pkg/lib/python3.10/site-packages/movement_pkg
[1.116s] byte-compiling /home/leo/Examples_For_TFG/install/movement_pkg/lib/python3.10/site-packages/movement_pkg/movement_client.py to movement_client.cpython-310.pyc
[1.116s] byte-compiling /home/leo/Examples_For_TFG/install/movement_pkg/lib/python3.10/site-packages/movement_pkg/movement_server.py to movement_server.cpython-310.pyc
[1.118s] running install_data
[1.119s] copying launch/movement_server_launch_file.launch.py -> /home/leo/Examples_For_TFG/install/movement_pkg/share/movement_pkg
[1.119s] running install_egg_info
[1.122s] removing '/home/leo/Examples_For_TFG/install/movement_pkg/lib/python3.10/site-packages/movement_pkg-0.0.0-py3.10.egg-info' (and everything under it)
[1.122s] Copying ../../../build/movement_pkg/movement_pkg.egg-info to /home/leo/Examples_For_TFG/install/movement_pkg/lib/python3.10/site-packages/movement_pkg-0.0.0-py3.10.egg-info
[1.124s] running install_scripts
[1.151s] Installing movement_client script to /home/leo/Examples_For_TFG/install/movement_pkg/lib/movement_pkg
[1.151s] Installing movement_server script to /home/leo/Examples_For_TFG/install/movement_pkg/lib/movement_pkg
[1.151s] writing list of installed files to '/home/leo/Examples_For_TFG/build/movement_pkg/install.log'
[1.186s] Invoked command in '/home/leo/Examples_For_TFG/ros2_ws/src/movement_pkg' returned '0': PYTHONPATH=/home/leo/Examples_For_TFG/build/movement_pkg/prefix_override:/home/leo/Examples_For_TFG/install/movement_pkg/lib/python3.10/site-packages:${PYTHONPATH} /usr/bin/python3 setup.py egg_info --egg-base ../../../build/movement_pkg build --build-base /home/leo/Examples_For_TFG/build/movement_pkg/build install --record /home/leo/Examples_For_TFG/build/movement_pkg/install.log --single-version-externally-managed
