[0.690s] Invoking command in '/home/leo/Examples_For_TFG/ros2_ws/src/movement_pkg': PYTHONPATH=/home/leo/Examples_For_TFG/build/movement_pkg/prefix_override:/home/leo/Examples_For_TFG/install/movement_pkg/lib/python3.10/site-packages:${PYTHONPATH} /usr/bin/python3 setup.py egg_info --egg-base ../../../build/movement_pkg build --build-base /home/leo/Examples_For_TFG/build/movement_pkg/build install --record /home/leo/Examples_For_TFG/build/movement_pkg/install.log --single-version-externally-managed
[0.954s] running egg_info
[0.954s] writing ../../../build/movement_pkg/movement_pkg.egg-info/PKG-INFO
[0.955s] writing dependency_links to ../../../build/movement_pkg/movement_pkg.egg-info/dependency_links.txt
[0.955s] writing entry points to ../../../build/movement_pkg/movement_pkg.egg-info/entry_points.txt
[0.955s] writing requirements to ../../../build/movement_pkg/movement_pkg.egg-info/requires.txt
[0.955s] writing top-level names to ../../../build/movement_pkg/movement_pkg.egg-info/top_level.txt
[0.957s] reading manifest file '../../../build/movement_pkg/movement_pkg.egg-info/SOURCES.txt'
[0.958s] writing manifest file '../../../build/movement_pkg/movement_pkg.egg-info/SOURCES.txt'
[0.958s] running build
[0.958s] running build_py
[0.959s] running install
[0.959s] /usr/lib/python3/dist-packages/setuptools/command/install.py:34: SetuptoolsDeprecationWarning: setup.py install is deprecated. Use build and pip and other standards-based tools.
[0.959s]   warnings.warn(
[0.960s] running install_lib
[0.961s] running install_data
[0.962s] running install_egg_info
[0.965s] removing '/home/leo/Examples_For_TFG/install/movement_pkg/lib/python3.10/site-packages/movement_pkg-0.0.0-py3.10.egg-info' (and everything under it)
[0.965s] Copying ../../../build/movement_pkg/movement_pkg.egg-info to /home/leo/Examples_For_TFG/install/movement_pkg/lib/python3.10/site-packages/movement_pkg-0.0.0-py3.10.egg-info
[0.965s] running install_scripts
[0.988s] Installing movement_client script to /home/leo/Examples_For_TFG/install/movement_pkg/lib/movement_pkg
[0.989s] Installing movement_server script to /home/leo/Examples_For_TFG/install/movement_pkg/lib/movement_pkg
[0.989s] writing list of installed files to '/home/leo/Examples_For_TFG/build/movement_pkg/install.log'
[1.015s] Invoked command in '/home/leo/Examples_For_TFG/ros2_ws/src/movement_pkg' returned '0': PYTHONPATH=/home/leo/Examples_For_TFG/build/movement_pkg/prefix_override:/home/leo/Examples_For_TFG/install/movement_pkg/lib/python3.10/site-packages:${PYTHONPATH} /usr/bin/python3 setup.py egg_info --egg-base ../../../build/movement_pkg build --build-base /home/leo/Examples_For_TFG/build/movement_pkg/build install --record /home/leo/Examples_For_TFG/build/movement_pkg/install.log --single-version-externally-managed
